[2019-12-13 20.00.39] ••• SalemZ is hosting a game on DirectIP named "SalemZ"
[2019-12-13 20.00.46] ••• Incoming connection on slot 0
[2019-12-13 20.00.48] ••• Player joined: DOM
[2019-12-13 20.00.48] ••• Validated connection: 0, 1, DOM
[2019-12-13 20.00.49] ••• Incoming connection on slot 1
[2019-12-13 20.00.52] ••• Player joined: Dejvid
[2019-12-13 20.00.52] ••• Validated connection: 1, 2, Dejvid
[2019-12-13 20.01.17] [Dejvid] Farof
[2019-12-13 20.01.19] ••• Incoming connection on slot 2
[2019-12-13 20.01.21] ••• Player joined: Varow
[2019-12-13 20.01.21] ••• Validated connection: 2, 3, Varow
[2019-12-13 20.01.25] [SalemZ] Farou
[2019-12-13 20.01.30] [Dejvid] Leroy
[2019-12-13 20.02.06] • Game will take advantage of the latest 3.7.2.1 features and bug fixes
[2019-12-13 20.02.14] ••• Starting game, recorded as file "User\Games\2019-12-13 20.02.14 [Online] @SalemZ, DOM, Dejvid, Varow.WAgame"
[2019-12-13 20.39.59] ••• Connection closed: 1, 2
[2019-12-13 20.40.02] ••• Player parted or was kicked: Dejvid
[2019-12-13 20.40.08] ••• Player parted or was kicked: Varow
[2019-12-13 20.40.23] ••• Player parted or was kicked: DOM
[2019-12-13 20.49.34] ••• Connection closed: 0, -1
[2019-12-13 20.49.34] ••• Connection closed: 1, -1
[2019-12-13 20.49.34] ••• Connection closed: 2, -1
[2019-12-13 20.49.34] ••• Connection closed: 3, -1
[2019-12-13 20.49.34] ••• Connection closed: 4, -1
[2019-12-13 20.49.34] ••• Connection closed: 5, -1
