[2019-12-11 20.06.17] ••• SalemZ is hosting a game on DirectIP named "SalemZ"
[2019-12-11 20.06.17] ••• Incoming connection on slot 0
[2019-12-11 20.06.18] ••• Incoming connection on slot 1
[2019-12-11 20.06.19] ••• Incoming connection on slot 2
[2019-12-11 20.06.21] ••• Player joined: Varow
[2019-12-11 20.06.21] ••• Validated connection: 1, 1, Varow
[2019-12-11 20.06.21] ••• Player joined: Dejvid
[2019-12-11 20.06.21] ••• Validated connection: 0, 2, Dejvid
[2019-12-11 20.06.22] ••• Player joined: DOM
[2019-12-11 20.06.22] ••• Validated connection: 2, 3, DOM
[2019-12-11 20.07.24] • Game will take advantage of the latest 3.7.2.1 features and bug fixes
[2019-12-11 20.07.52] ••• Starting game, recorded as file "User\Games\2019-12-11 20.07.52 [Online] @SalemZ, Varow, Dejvid, DOM.WAgame"
[2019-12-11 20.52.26] ••• Starting game, recorded as file "User\Games\2019-12-11 20.52.26 [Online Round 2] @SalemZ, Varow, Dejvid, DOM.WAgame"
[2019-12-11 21.29.25] ••• Connection closed: 0, 2
[2019-12-11 21.29.25] ••• Connection closed: 0, 2
[2019-12-11 21.32.31] ••• Connection closed: 0, 2
[2019-12-11 21.32.31] ••• Connection closed: 1, 1
[2019-12-11 21.32.31] ••• Connection closed: 2, 3
[2019-12-11 21.32.31] ••• Connection closed: 3, -1
[2019-12-11 21.32.31] ••• Connection closed: 4, -1
[2019-12-11 21.32.31] ••• Connection closed: 5, -1
[2019-12-11 21.32.31] ••• Session ended
