[2019-12-21 22.56.03] ••• SalemZ is hosting a game on DirectIP named "SalemZ"
[2019-12-21 22.56.10] ••• Incoming connection on slot 0
[2019-12-21 22.56.16] ••• Player joined: Varow
[2019-12-21 22.56.16] ••• Validated connection: 0, 1, Varow
[2019-12-21 22.57.13] • Game will take advantage of the latest 3.7.2.1 features and bug fixes
[2019-12-21 22.57.32] ••• Starting game, recorded as file "User\Games\2019-12-21 22.57.32 [Online] @SalemZ, Varow.WAgame"
[2019-12-21 22.58.25] [Varow] easy
[2019-12-21 22.58.33] [Varow] eazy
[2019-12-21 22.58.35] [Varow] izi
[2019-12-21 22.58.37] [Varow] yzy
[2019-12-21 22.58.40] • Game will take advantage of the latest 3.7.2.1 features and bug fixes
[2019-12-21 22.58.44] ••• Starting game, recorded as file "User\Games\2019-12-21 22.58.44 [Online] @SalemZ, Varow.WAgame"
[2019-12-21 23.14.47] ••• Connection closed: 0, 1
[2019-12-21 23.14.47] ••• Player parted or was kicked: Varow
[2019-12-21 23.15.15] ••• Connection closed: 0, -1
[2019-12-21 23.15.15] ••• Connection closed: 1, -1
[2019-12-21 23.15.15] ••• Connection closed: 2, -1
[2019-12-21 23.15.15] ••• Connection closed: 3, -1
[2019-12-21 23.15.15] ••• Connection closed: 4, -1
[2019-12-21 23.15.15] ••• Connection closed: 5, -1
[2019-12-21 23.15.15] ••• Session ended
