[2019-12-24 00.14.00] ••• SalemZ is hosting a game on DirectIP named "SalemZ"
[2019-12-24 00.14.01] ••• Incoming connection on slot 0
[2019-12-24 00.14.05] ••• Connection closed: 0, -1
[2019-12-24 00.14.11] ••• Incoming connection on slot 0
[2019-12-24 00.14.13] ••• Player joined: Varow
[2019-12-24 00.14.13] ••• Validated connection: 0, 1, Varow
[2019-12-24 00.14.39] • Game will take advantage of the latest 3.7.2.1 features and bug fixes
[2019-12-24 00.15.18] ••• Starting game, recorded as file "User\Games\2019-12-24 00.15.18 [Online] @SalemZ, Varow.WAgame"
[2019-12-24 00.31.50] ••• Starting game, recorded as file "User\Games\2019-12-24 00.31.50 [Online Round 2] @SalemZ, Varow.WAgame"
[2019-12-24 00.50.09] • Game will take advantage of the latest 3.7.2.1 features and bug fixes
[2019-12-24 00.50.11] ••• Starting game, recorded as file "User\Games\2019-12-24 00.50.11 [Online] @SalemZ, Varow.WAgame"
[2019-12-24 01.07.36] • Game will take advantage of the latest 3.7.2.1 features and bug fixes
[2019-12-24 01.07.38] ••• Starting game, recorded as file "User\Games\2019-12-24 01.07.38 [Online] @SalemZ, Varow.WAgame"
[2019-12-24 01.22.44] • Game will take advantage of the latest 3.7.2.1 features and bug fixes
[2019-12-24 01.22.45] ••• Starting game, recorded as file "User\Games\2019-12-24 01.22.45 [Online] @SalemZ, Varow.WAgame"
[2019-12-24 01.32.20] ••• Connection closed: 0, 1
[2019-12-24 01.32.20] ••• Player parted or was kicked: Varow
[2019-12-24 01.32.21] ••• Connection closed: 0, -1
[2019-12-24 01.32.21] ••• Connection closed: 1, -1
[2019-12-24 01.32.21] ••• Connection closed: 2, -1
[2019-12-24 01.32.21] ••• Connection closed: 3, -1
[2019-12-24 01.32.21] ••• Connection closed: 4, -1
[2019-12-24 01.32.21] ••• Connection closed: 5, -1
[2019-12-24 01.32.21] ••• Session ended
