[2019-12-16 22.15.08] ••• SalemZ is hosting a game on DirectIP named "SalemZ"
[2019-12-16 22.15.09] ••• Incoming connection on slot 0
[2019-12-16 22.15.09] ••• Incoming connection on slot 1
[2019-12-16 22.15.13] ••• Player joined: DOM
[2019-12-16 22.15.13] ••• Validated connection: 1, 1, DOM
[2019-12-16 22.15.14] ••• Player joined: Varow
[2019-12-16 22.15.14] ••• Validated connection: 0, 2, Varow
[2019-12-16 22.15.32] ••• Incoming connection on slot 2
[2019-12-16 22.15.35] ••• Player joined: Dejvid
[2019-12-16 22.15.35] ••• Validated connection: 2, 3, Dejvid
[2019-12-16 22.16.46] • Game will take advantage of the latest 3.7.2.1 features and bug fixes
[2019-12-16 22.16.47] ••• Starting game, recorded as file "User\Games\2019-12-16 22.16.47 [Online] @SalemZ, DOM, Varow, Dejvid.WAgame"
[2019-12-16 22.21.02] • Game will take advantage of the latest 3.7.2.1 features and bug fixes
[2019-12-16 22.21.08] ••• Starting game, recorded as file "User\Games\2019-12-16 22.21.08 [Online] @SalemZ, DOM, Varow, Dejvid.WAgame"
[2019-12-16 22.56.56] ••• Connection closed: 1, 1
[2019-12-16 22.56.56] ••• Player parted or was kicked: DOM
[2019-12-16 22.57.08] ••• Connection closed: 0, 2
[2019-12-16 22.57.08] ••• Connection closed: 1, -1
[2019-12-16 22.57.08] ••• Connection closed: 2, 3
[2019-12-16 22.57.08] ••• Connection closed: 3, -1
[2019-12-16 22.57.08] ••• Connection closed: 4, -1
[2019-12-16 22.57.08] ••• Connection closed: 5, -1
[2019-12-16 22.57.08] ••• Session ended
