[2019-12-13 19.59.21] ••• SalemZ is hosting a game on DirectIP named "SalemZ"
[2019-12-13 19.59.21] ••• Incoming connection on slot 0
[2019-12-13 19.59.21] ••• Incoming connection on slot 1
[2019-12-13 19.59.23] ••• Player joined: Dejvid
[2019-12-13 19.59.23] ••• Validated connection: 0, 1, Dejvid
[2019-12-13 19.59.23] ••• Player joined: Varow
[2019-12-13 19.59.23] ••• Validated connection: 1, 2, Varow
[2019-12-13 19.59.24] ••• Incoming connection on slot 2
[2019-12-13 19.59.26] ••• Player joined: DOM
[2019-12-13 19.59.26] ••• Validated connection: 2, 3, DOM
[2019-12-13 19.59.33] [Varow] blue
[2019-12-13 19.59.39] [Dejvid] Zbyk
[2019-12-13 19.59.42] [Dejvid] Zbynk
[2019-12-13 19.59.42] [DOM] spierdalaj
[2019-12-13 19.59.47] [Dejvid] bynk
[2019-12-13 19.59.49] [Dejvid] zbynk
[2019-12-13 20.00.00] [DOM] o
[2019-12-13 20.00.02] [DOM] ty
[2019-12-13 20.00.05] [DOM] kurwo
[2019-12-13 20.00.05] [Dejvid] ^_^
[2019-12-13 20.00.11] • Game will take advantage of the latest 3.7.2.1 features and bug fixes
[2019-12-13 20.00.13] ••• Starting game, recorded as file "User\Games\2019-12-13 20.00.13 [Online] @SalemZ, Dejvid, Varow, DOM.WAgame"
[2019-12-13 20.00.33] ••• Connection closed: 0, 1
[2019-12-13 20.00.33] ••• Connection closed: 1, 2
[2019-12-13 20.00.33] ••• Connection closed: 2, 3
[2019-12-13 20.00.33] ••• Connection closed: 3, -1
[2019-12-13 20.00.33] ••• Connection closed: 4, -1
[2019-12-13 20.00.33] ••• Connection closed: 5, -1
[2019-12-13 20.00.33] ••• Session ended
