[2019-12-08 20.57.58] ••• SalemZ is hosting a game on DirectIP named "SalemZ"
[2019-12-08 20.57.58] ••• Incoming connection on slot 0
[2019-12-08 20.58.01] ••• Player joined: Varow
[2019-12-08 20.58.01] ••• Validated connection: 0, 1, Varow
[2019-12-08 20.58.02] ••• Incoming connection on slot 1
[2019-12-08 20.58.04] ••• Player joined: Dejvid
[2019-12-08 20.58.04] ••• Validated connection: 1, 2, Dejvid
[2019-12-08 20.58.07] ••• Incoming connection on slot 2
[2019-12-08 20.58.10] ••• Player joined: DOM
[2019-12-08 20.58.10] ••• Validated connection: 2, 3, DOM
[2019-12-08 20.59.11] • Game will take advantage of the latest 3.7.2.1 features and bug fixes
[2019-12-08 20.59.16] ••• Starting game, recorded as file "User\Games\2019-12-08 20.59.16 [Online] @SalemZ, Varow, Dejvid, DOM.WAgame"
[2019-12-08 21.31.08] ••• Starting game, recorded as file "User\Games\2019-12-08 21.31.08 [Online Round 2] @SalemZ, Varow, Dejvid, DOM.WAgame"
[2019-12-08 22.03.21] ••• Connection closed: 0, 1
[2019-12-08 22.03.21] ••• Connection closed: 0, 1
[2019-12-08 22.04.20] ••• Player parted or was kicked: Varow
[2019-12-08 22.04.21] ••• Connection closed: 0, -1
[2019-12-08 22.04.21] ••• Connection closed: 1, 2
[2019-12-08 22.04.21] ••• Connection closed: 2, 3
[2019-12-08 22.04.21] ••• Connection closed: 3, -1
[2019-12-08 22.04.21] ••• Connection closed: 4, -1
[2019-12-08 22.04.21] ••• Connection closed: 5, -1
[2019-12-08 22.04.21] ••• Session ended
