[2019-12-10 23.06.16] ••• SalemZ is hosting a game on DirectIP named "SalemZ"
[2019-12-10 23.06.21] ••• Incoming connection on slot 0
[2019-12-10 23.06.25] ••• Player joined: Dejvid
[2019-12-10 23.06.25] ••• Validated connection: 0, 1, Dejvid
[2019-12-10 23.06.29] ••• Incoming connection on slot 1
[2019-12-10 23.06.31] ••• Player joined: Varow
[2019-12-10 23.06.31] ••• Validated connection: 1, 2, Varow
[2019-12-10 23.06.58] • Game will take advantage of the latest 3.7.2.1 features and bug fixes
[2019-12-10 23.07.00] ••• Starting game, recorded as file "User\Games\2019-12-10 23.07.00 [Online] @SalemZ, Dejvid, Varow.WAgame"
[2019-12-10 23.40.32] ••• Player parted or was kicked: Dejvid
[2019-12-10 23.41.14] ••• Starting game, recorded as file "User\Games\2019-12-10 23.41.14 [Online Round 2] @SalemZ, Varow.WAgame"
[2019-12-11 00.01.03] ••• Starting game, recorded as file "User\Games\2019-12-11 00.01.03 [Online Round 3] @SalemZ, Varow.WAgame"
[2019-12-11 00.31.25] ••• Connection closed: 1, 2
[2019-12-11 00.31.25] ••• Player parted or was kicked: Varow
[2019-12-11 00.31.25] ••• Connection closed: 0, -1
[2019-12-11 00.31.25] ••• Connection closed: 1, -1
[2019-12-11 00.31.25] ••• Connection closed: 2, -1
[2019-12-11 00.31.25] ••• Connection closed: 3, -1
[2019-12-11 00.31.25] ••• Connection closed: 4, -1
[2019-12-11 00.31.25] ••• Connection closed: 5, -1
[2019-12-11 00.31.25] ••• Session ended
