[2020-02-21 18.57.13] ••• SalemZ is hosting a game on DirectIP named "SalemZ"
[2020-02-21 18.57.14] ••• Incoming connection on slot 0
[2020-02-21 18.57.14] ••• Incoming connection on slot 1
[2020-02-21 18.57.14] ••• Incoming connection on slot 2
[2020-02-21 18.57.19] ••• Player joined: Dejvid
[2020-02-21 18.57.19] ••• Validated connection: 0, 1, Dejvid
[2020-02-21 18.57.26] ••• Player joined: Varow
[2020-02-21 18.57.26] ••• Validated connection: 2, 2, Varow
[2020-02-21 18.57.44] ••• Connection closed: 1, -1
[2020-02-21 18.58.01] ••• Incoming connection on slot 1
[2020-02-21 18.58.03] ••• Player joined: F3N1X
[2020-02-21 18.58.03] ••• Validated connection: 1, 3, F3N1X
[2020-02-21 18.58.35] • Game will take advantage of the latest 3.7.2.1 features and bug fixes
[2020-02-21 18.58.37] ••• Starting game, recorded as file "User\Games\2020-02-21 18.58.37 [Online] @SalemZ, Dejvid, Varow, F3N1X.WAgame"
[2020-02-21 19.20.27] ••• Starting game, recorded as file "User\Games\2020-02-21 19.20.27 [Online Round 2] @SalemZ, Dejvid, Varow, F3N1X.WAgame"
[2020-02-21 19.40.44] ••• Starting game, recorded as file "User\Games\2020-02-21 19.40.44 [Online Round 3] @SalemZ, Dejvid, Varow, F3N1X.WAgame"
[2020-02-21 19.51.08] ••• Connection closed: 0, 1
[2020-02-21 19.51.09] ••• Connection closed: 0, 1
[2020-02-21 19.54.39] ••• Player parted or was kicked: Dejvid
[2020-02-21 19.54.41] ••• Connection closed: 0, -1
[2020-02-21 19.54.41] ••• Connection closed: 1, 3
[2020-02-21 19.54.41] ••• Connection closed: 2, 2
[2020-02-21 19.54.41] ••• Connection closed: 3, -1
[2020-02-21 19.54.41] ••• Connection closed: 4, -1
[2020-02-21 19.54.41] ••• Connection closed: 5, -1
[2020-02-21 19.54.42] ••• Session ended
