[2020-02-24 19.57.04] ••• SalemZ is hosting a game on DirectIP named "SalemZ"
[2020-02-24 19.57.05] ••• Incoming connection on slot 0
[2020-02-24 19.57.07] ••• Player joined: F3N1X
[2020-02-24 19.57.07] ••• Validated connection: 0, 1, F3N1X
[2020-02-24 19.57.11] ••• Incoming connection on slot 1
[2020-02-24 19.57.13] ••• Player joined: Varow
[2020-02-24 19.57.13] ••• Validated connection: 1, 2, Varow
[2020-02-24 19.57.40] • Game will take advantage of the latest 3.7.2.1 features and bug fixes
[2020-02-24 19.57.42] ••• Starting game, recorded as file "User\Games\2020-02-24 19.57.42 [Online] @SalemZ, F3N1X, Varow.WAgame"
[2020-02-24 20.15.28] ••• Starting game, recorded as file "User\Games\2020-02-24 20.15.28 [Online Round 2] @SalemZ, F3N1X, Varow.WAgame"
[2020-02-24 20.42.14] ••• Connection closed: 1, 2
[2020-02-24 20.42.14] ••• Connection closed: 1, 2
[2020-02-24 20.42.24] ••• Player parted or was kicked: Varow
[2020-02-24 20.42.35] ••• Connection closed: 0, 1
[2020-02-24 20.42.35] ••• Connection closed: 1, -1
[2020-02-24 20.42.35] ••• Connection closed: 2, -1
[2020-02-24 20.42.35] ••• Connection closed: 3, -1
[2020-02-24 20.42.35] ••• Connection closed: 4, -1
[2020-02-24 20.42.35] ••• Connection closed: 5, -1
[2020-02-24 20.42.35] ••• Session ended
