[2020-05-03 18.41.01] ••• SalemZ is hosting a game on DirectIP named "SalemZ"
[2020-05-03 18.41.02] ••• Incoming connection on slot 0
[2020-05-03 18.41.02] ••• Incoming connection on slot 1
[2020-05-03 18.41.02] ••• Player joined: Varow
[2020-05-03 18.41.02] ••• Validated connection: 0, 1, Varow
[2020-05-03 18.41.02] ••• Player joined: sikor
[2020-05-03 18.41.02] ••• Validated connection: 1, 2, sikor
[2020-05-03 18.41.04] ••• Incoming connection on slot 2
[2020-05-03 18.41.05] ••• Player joined: F3N1X
[2020-05-03 18.41.05] ••• Validated connection: 2, 3, F3N1X
[2020-05-03 18.41.07] [sikor] Pizdunia 
[2020-05-03 18.41.22] [sikor] WOY>CS
[2020-05-03 18.41.23] [sikor] XDDDD
[2020-05-03 18.41.26] [sikor] haha
[2020-05-03 18.41.30] [Varow] :V
[2020-05-03 18.41.53] • Game will take advantage of the latest 3.7.2.1 features and bug fixes
[2020-05-03 18.41.58] ••• Starting game, recorded as file "User\Games\2020-05-03 18.41.58 [Online] @SalemZ, Varow, sikor, F3N1X.WAgame"
[2020-05-03 19.03.56] ••• Starting game, recorded as file "User\Games\2020-05-03 19.03.56 [Online Round 2] @SalemZ, Varow, sikor, F3N1X.WAgame"
[2020-05-03 19.28.16] ••• Player parted or was kicked: Varow
[2020-05-03 19.32.13] [sikor] gdgsfhf
[2020-05-03 19.33.13] ••• Connection closed: 0, -1
[2020-05-03 19.33.13] ••• Connection closed: 1, 2
[2020-05-03 19.33.13] ••• Connection closed: 2, 3
[2020-05-03 19.33.13] ••• Connection closed: 3, -1
[2020-05-03 19.33.13] ••• Connection closed: 4, -1
[2020-05-03 19.33.13] ••• Connection closed: 5, -1
