[2020-02-26 20.05.35] ••• SalemZ is hosting a game on DirectIP named "SalemZ"
[2020-02-26 20.05.35] ••• Incoming connection on slot 0
[2020-02-26 20.05.35] ••• Incoming connection on slot 1
[2020-02-26 20.05.40] ••• Player joined: Varow
[2020-02-26 20.05.40] ••• Validated connection: 0, 1, Varow
[2020-02-26 20.05.47] ••• Player joined: F3N1X
[2020-02-26 20.05.47] ••• Validated connection: 1, 2, F3N1X
[2020-02-26 20.06.14] • Game will take advantage of the latest 3.7.2.1 features and bug fixes
[2020-02-26 20.06.15] ••• Starting game, recorded as file "User\Games\2020-02-26 20.06.15 [Online] @SalemZ, Varow, F3N1X.WAgame"
[2020-02-26 20.24.27] ••• Starting game, recorded as file "User\Games\2020-02-26 20.24.27 [Online Round 2] @SalemZ, Varow, F3N1X.WAgame"
[2020-02-26 20.44.38] • Game will take advantage of the latest 3.7.2.1 features and bug fixes
[2020-02-26 20.45.01] ••• Starting game, recorded as file "User\Games\2020-02-26 20.45.01 [Online] @SalemZ, Varow, F3N1X.WAgame"
[2020-02-26 21.05.39] ••• Starting game, recorded as file "User\Games\2020-02-26 21.05.39 [Online Round 2] @SalemZ, Varow, F3N1X.WAgame"
[2020-02-26 21.08.29] ••• Connection closed: 0, 1
[2020-02-26 21.08.29] ••• Connection closed: 0, 1
[2020-02-26 21.09.11] ••• Connection closed: 0, 1
[2020-02-26 21.09.11] ••• Connection closed: 1, 2
[2020-02-26 21.09.11] ••• Connection closed: 2, -1
[2020-02-26 21.09.11] ••• Connection closed: 3, -1
[2020-02-26 21.09.11] ••• Connection closed: 4, -1
[2020-02-26 21.09.11] ••• Connection closed: 5, -1
[2020-02-26 21.09.11] ••• Session ended
