[2020-11-13 22.24.23] ••• SalemZ is hosting a game on DirectIP named "SalemZ"
[2020-11-13 22.24.23] ••• Incoming connection on slot 0
[2020-11-13 22.24.23] ••• Incoming connection on slot 1
[2020-11-13 22.24.23] ••• Player joined: sikor
[2020-11-13 22.24.23] ••• Validated connection: 0, 1, sikor
[2020-11-13 22.24.23] ••• Player joined: kitol
[2020-11-13 22.24.23] ••• Validated connection: 1, 2, kitol
[2020-11-13 22.24.30] [sikor] Ile razy jeszce bedziesz resetowal?
[2020-11-13 22.25.08] [SalemZ] twoj stary
[2020-11-13 22.25.10] [SalemZ] kundlarz
[2020-11-13 22.25.16] [sikor] a Twoja stara suka
[2020-11-13 22.25.24] [SalemZ] nienawidze cie
[2020-11-13 22.25.26] [sikor] <3
[2020-11-13 22.25.28] [SalemZ] <3
[2020-11-13 22.25.28] • Game will take advantage of the latest 3.7.2.1 features and bug fixes
[2020-11-13 22.25.31] ••• Starting game, recorded as file "User\Games\2020-11-13 22.25.31 [Online] @SalemZ, sikor, kitol.WAgame"
[2020-11-13 22.43.06] ••• Player parted or was kicked: kitol
[2020-11-13 22.43.15] ••• Connection closed: 0, 1
[2020-11-13 22.43.15] ••• Connection closed: 1, -1
[2020-11-13 22.43.15] ••• Connection closed: 2, -1
[2020-11-13 22.43.15] ••• Connection closed: 3, -1
[2020-11-13 22.43.15] ••• Connection closed: 4, -1
[2020-11-13 22.43.15] ••• Connection closed: 5, -1
[2020-11-13 22.43.15] ••• Session ended
