[2020-03-03 18.43.46] ••• SalemZ is hosting a game on DirectIP named "SalemZ"
[2020-03-03 18.43.47] ••• Incoming connection on slot 0
[2020-03-03 18.43.49] ••• Player joined: F3N1X
[2020-03-03 18.43.49] ••• Validated connection: 0, 1, F3N1X
[2020-03-03 18.43.52] ••• Incoming connection on slot 1
[2020-03-03 18.43.58] ••• Player joined: Varow
[2020-03-03 18.43.58] ••• Validated connection: 1, 2, Varow
[2020-03-03 18.44.08] • Game will take advantage of the latest 3.7.2.1 features and bug fixes
[2020-03-03 18.44.10] ••• Starting game, recorded as file "User\Games\2020-03-03 18.44.10 [Online] @SalemZ, F3N1X, Varow.WAgame"
[2020-03-03 19.14.00] ••• Starting game, recorded as file "User\Games\2020-03-03 19.14.00 [Online Round 2] @SalemZ, F3N1X, Varow.WAgame"
[2020-03-03 19.29.31] ••• Starting game, recorded as file "User\Games\2020-03-03 19.29.31 [Online Round 3] @SalemZ, F3N1X, Varow.WAgame"
[2020-03-03 19.45.14] ••• Connection closed: 1, 2
[2020-03-03 19.45.15] ••• Connection closed: 1, 2
[2020-03-03 19.45.28] ••• Connection closed: 0, 1
[2020-03-03 19.45.28] ••• Connection closed: 1, 2
[2020-03-03 19.45.28] ••• Connection closed: 2, -1
[2020-03-03 19.45.28] ••• Connection closed: 3, -1
[2020-03-03 19.45.28] ••• Connection closed: 4, -1
[2020-03-03 19.45.28] ••• Connection closed: 5, -1
[2020-03-03 19.45.28] ••• Session ended
