[2020-01-09 22.17.01] ••• SalemZ is hosting a game on DirectIP named "SalemZ"
[2020-01-09 22.17.06] ••• Incoming connection on slot 0
[2020-01-09 22.17.07] ••• Incoming connection on slot 1
[2020-01-09 22.17.09] ••• Player joined: DOM
[2020-01-09 22.17.09] ••• Validated connection: 1, 1, DOM
[2020-01-09 22.17.09] ••• Player joined: Varow
[2020-01-09 22.17.09] ••• Validated connection: 0, 2, Varow
[2020-01-09 22.17.21] • Game will take advantage of the latest 3.7.2.1 features and bug fixes
[2020-01-09 22.17.29] ••• Starting game, recorded as file "User\Games\2020-01-09 22.17.29 [Online] @SalemZ, DOM, Varow.WAgame"
[2020-01-09 22.31.42] ••• Starting game, recorded as file "User\Games\2020-01-09 22.31.42 [Online Round 2] @SalemZ, DOM, Varow.WAgame"
[2020-01-09 23.07.39] • Game will take advantage of the latest 3.7.2.1 features and bug fixes
[2020-01-09 23.07.42] ••• Starting game, recorded as file "User\Games\2020-01-09 23.07.42 [Online] @SalemZ, DOM, Varow.WAgame"
[2020-01-09 23.16.55] ••• Connection closed: 0, 2
[2020-01-09 23.16.56] ••• Connection closed: 0, 2
[2020-01-09 23.19.55] ••• Connection closed: 1, 1
[2020-01-09 23.20.23] ••• Player parted or was kicked: DOM
[2020-01-09 23.20.23] ••• Player parted or was kicked: Varow
[2020-01-09 23.20.27] ••• Connection closed: 0, -1
[2020-01-09 23.20.27] ••• Connection closed: 1, -1
[2020-01-09 23.20.27] ••• Connection closed: 2, -1
[2020-01-09 23.20.27] ••• Connection closed: 3, -1
[2020-01-09 23.20.27] ••• Connection closed: 4, -1
[2020-01-09 23.20.27] ••• Connection closed: 5, -1
