[2020-03-09 20.25.53] ••• SalemZ is hosting a game on DirectIP named "SalemZ"
[2020-03-09 20.25.53] ••• Incoming connection on slot 0
[2020-03-09 20.25.58] ••• Incoming connection on slot 1
[2020-03-09 20.26.00] ••• Player joined: Varow
[2020-03-09 20.26.00] ••• Validated connection: 1, 1, Varow
[2020-03-09 20.26.07] ••• Incoming connection on slot 2
[2020-03-09 20.26.10] ••• Incoming connection on slot 3
[2020-03-09 20.26.10] ••• Player joined: F3N1X
[2020-03-09 20.26.10] ••• Validated connection: 2, 2, F3N1X
[2020-03-09 20.26.12] ••• Player joined: Dejvid
[2020-03-09 20.26.12] ••• Validated connection: 3, 3, Dejvid
[2020-03-09 20.26.39] • Game will take advantage of the latest 3.7.2.1 features and bug fixes
[2020-03-09 20.26.41] ••• Starting game, recorded as file "User\Games\2020-03-09 20.26.41 [Online] @SalemZ, Varow, F3N1X, Dejvid.WAgame"
[2020-03-09 20.47.53] ••• Starting game, recorded as file "User\Games\2020-03-09 20.47.53 [Online Round 2] @SalemZ, Varow, F3N1X, Dejvid.WAgame"
[2020-03-09 21.04.59] ••• Connection closed: 1, 1
[2020-03-09 21.05.00] ••• Connection closed: 1, 1
[2020-03-09 21.18.33] ••• Player parted or was kicked: Varow
[2020-03-09 21.18.35] ••• Player parted or was kicked: Dejvid
[2020-03-09 21.18.36] ••• Connection closed: 2, 2
[2020-03-09 21.18.36] ••• Connection closed: 0, -1
[2020-03-09 21.18.36] ••• Connection closed: 1, -1
[2020-03-09 21.18.36] ••• Connection closed: 2, 2
[2020-03-09 21.18.36] ••• Connection closed: 3, -1
[2020-03-09 21.18.36] ••• Connection closed: 4, -1
[2020-03-09 21.18.36] ••• Connection closed: 5, -1
