[2020-02-20 20.29.45] ••• SalemZ is hosting a game on DirectIP named "SalemZ"
[2020-02-20 20.29.50] ••• Incoming connection on slot 0
[2020-02-20 20.29.51] ••• Incoming connection on slot 1
[2020-02-20 20.29.53] ••• Player joined: Varow
[2020-02-20 20.29.53] ••• Validated connection: 0, 1, Varow
[2020-02-20 20.29.54] ••• Player joined: Dejvid
[2020-02-20 20.29.54] ••• Validated connection: 1, 2, Dejvid
[2020-02-20 20.29.54] ••• Incoming connection on slot 2
[2020-02-20 20.29.59] ••• Player joined: F3N1X
[2020-02-20 20.29.59] ••• Validated connection: 2, 3, F3N1X
[2020-02-20 20.30.56] • Game will take advantage of the latest 3.7.2.1 features and bug fixes
[2020-02-20 20.30.59] ••• Starting game, recorded as file "User\Games\2020-02-20 20.30.59 [Online] @SalemZ, Varow, Dejvid, F3N1X.WAgame"
[2020-02-20 20.54.50] ••• Starting game, recorded as file "User\Games\2020-02-20 20.54.50 [Online Round 2] @SalemZ, Varow, Dejvid, F3N1X.WAgame"
[2020-02-20 21.06.45] ••• Connection closed: 0, 1
[2020-02-20 21.06.45] ••• Player parted or was kicked: Varow
[2020-02-20 21.06.45] ••• Connection closed: 1, 2
[2020-02-20 21.06.45] ••• Player parted or was kicked: Dejvid
[2020-02-20 21.07.03] ••• Connection closed: 0, -1
[2020-02-20 21.07.03] ••• Connection closed: 1, -1
[2020-02-20 21.07.03] ••• Connection closed: 2, 3
[2020-02-20 21.07.03] ••• Connection closed: 3, -1
[2020-02-20 21.07.03] ••• Connection closed: 4, -1
[2020-02-20 21.07.03] ••• Connection closed: 5, -1
[2020-02-20 21.07.03] ••• Session ended
