[2020-02-10 19.22.56] ••• SalemZ is hosting a game on DirectIP named "SalemZ"
[2020-02-10 19.23.03] ••• Incoming connection on slot 0
[2020-02-10 19.23.08] ••• Player joined: F3N1X
[2020-02-10 19.23.08] ••• Validated connection: 0, 1, F3N1X
[2020-02-10 19.23.19] ••• Incoming connection on slot 1
[2020-02-10 19.23.22] ••• Player joined: Varow
[2020-02-10 19.23.22] ••• Validated connection: 1, 2, Varow
[2020-02-10 19.23.53] • Game will take advantage of the latest 3.7.2.1 features and bug fixes
[2020-02-10 19.23.57] ••• Starting game, recorded as file "User\Games\2020-02-10 19.23.57 [Online] @SalemZ, F3N1X, Varow.WAgame"
[2020-02-10 19.38.49] ••• Starting game, recorded as file "User\Games\2020-02-10 19.38.49 [Online Round 2] @SalemZ, F3N1X, Varow.WAgame"
[2020-02-10 19.51.01] ••• Connection closed: 1, 2
[2020-02-10 19.51.02] ••• Connection closed: 1, 2
[2020-02-10 19.59.39] ••• Player parted or was kicked: Varow
[2020-02-10 19.59.46] ••• Player parted or was kicked: F3N1X
[2020-02-10 20.00.06] ••• Connection closed: 0, -1
[2020-02-10 20.00.06] ••• Connection closed: 1, -1
[2020-02-10 20.00.06] ••• Connection closed: 2, -1
[2020-02-10 20.00.06] ••• Connection closed: 3, -1
[2020-02-10 20.00.06] ••• Connection closed: 4, -1
[2020-02-10 20.00.06] ••• Connection closed: 5, -1
