[2020-07-30 20.52.19] ••• SalemZ is hosting a game on DirectIP named "ameRanger"
[2020-07-30 20.52.21] ••• Incoming connection on slot 0
[2020-07-30 20.52.21] ••• Player joined: sikor
[2020-07-30 20.52.21] ••• Validated connection: 0, 1, sikor
[2020-07-30 20.52.22] ••• Incoming connection on slot 1
[2020-07-30 20.52.22] ••• Player joined: F3N1X
[2020-07-30 20.52.22] ••• Validated connection: 1, 2, F3N1X
[2020-07-30 20.52.47] ••• Connection closed: 0, 1
[2020-07-30 20.52.47] ••• Player parted or was kicked: sikor
[2020-07-30 20.52.50] ••• Incoming connection on slot 0
[2020-07-30 20.52.50] ••• Player joined: sikor
[2020-07-30 20.52.50] ••• Validated connection: 0, 1, sikor
[2020-07-30 20.52.58] [sikor] Puki
[2020-07-30 20.53.01] [sikor] gwalt
[2020-07-30 20.53.02] [F3N1X] gwalt
[2020-07-30 20.53.05] [sikor] xd
[2020-07-30 20.53.05] [F3N1X] xd
[2020-07-30 20.53.59] • Game will take advantage of the latest 3.7.2.1 features and bug fixes
[2020-07-30 20.54.04] ••• Starting game, recorded as file "User\Games\2020-07-30 20.54.04 [Online] @SalemZ, sikor, F3N1X.WAgame"
[2020-07-30 21.12.54] ••• Player parted or was kicked: sikor
[2020-07-30 21.12.56] ••• Connection closed: 0, -1
[2020-07-30 21.12.56] ••• Connection closed: 1, 2
[2020-07-30 21.12.56] ••• Connection closed: 2, -1
[2020-07-30 21.12.56] ••• Connection closed: 3, -1
[2020-07-30 21.12.56] ••• Connection closed: 4, -1
[2020-07-30 21.12.56] ••• Connection closed: 5, -1
