[2020-01-23 22.04.19] ••• SalemZ is hosting a game on DirectIP named "GameRanger"
[2020-01-23 22.04.20] ••• Incoming connection on slot 0
[2020-01-23 22.04.21] ••• Player joined: Dejvid
[2020-01-23 22.04.21] ••• Validated connection: 0, 1, Dejvid
[2020-01-23 22.04.21] ••• Incoming connection on slot 1
[2020-01-23 22.04.21] ••• Player joined: DOM
[2020-01-23 22.04.21] ••• Validated connection: 1, 2, DOM
[2020-01-23 22.04.22] ••• Incoming connection on slot 2
[2020-01-23 22.04.22] ••• Player joined: Varow
[2020-01-23 22.04.22] ••• Validated connection: 2, 3, Varow
[2020-01-23 22.05.54] • Game will take advantage of the latest 3.7.2.1 features and bug fixes
[2020-01-23 22.05.56] ••• Starting game, recorded as file "User\Games\2020-01-23 22.05.56 [Online] @SalemZ, Dejvid, DOM, Varow.WAgame"
[2020-01-23 22.43.33] ••• Starting game, recorded as file "User\Games\2020-01-23 22.43.33 [Online Round 2] @SalemZ, Dejvid, DOM, Varow.WAgame"
[2020-01-23 22.46.45] ••• Starting game, recorded as file "User\Games\2020-01-23 22.46.45 [Online Round 3] @SalemZ, Dejvid, DOM, Varow.WAgame"
[2020-01-23 22.46.54] ••• Connection closed: 0, 1
[2020-01-23 22.46.54] ••• Connection closed: 1, 2
[2020-01-23 22.46.54] ••• Connection closed: 2, 3
[2020-01-23 22.46.54] ••• Connection closed: 3, -1
[2020-01-23 22.46.54] ••• Connection closed: 4, -1
[2020-01-23 22.46.54] ••• Connection closed: 5, -1
[2020-01-23 22.46.54] ••• Session ended
