[2020-03-04 18.24.36] ••• SalemZ is hosting a game on DirectIP named "SalemZ"
[2020-03-04 18.24.37] ••• Incoming connection on slot 0
[2020-03-04 18.24.37] ••• Incoming connection on slot 1
[2020-03-04 18.24.39] ••• Player joined: Varow
[2020-03-04 18.24.39] ••• Validated connection: 1, 1, Varow
[2020-03-04 18.24.49] ••• Player joined: F3N1X
[2020-03-04 18.24.49] ••• Validated connection: 0, 2, F3N1X
[2020-03-04 18.25.01] • Game will take advantage of the latest 3.7.2.1 features and bug fixes
[2020-03-04 18.25.02] ••• Starting game, recorded as file "User\Games\2020-03-04 18.25.02 [Online] @SalemZ, Varow, F3N1X.WAgame"
[2020-03-04 18.38.38] ••• Starting game, recorded as file "User\Games\2020-03-04 18.38.38 [Online Round 2] @SalemZ, Varow, F3N1X.WAgame"
[2020-03-04 18.51.50] • Game will take advantage of the latest 3.7.2.1 features and bug fixes
[2020-03-04 18.51.52] ••• Starting game, recorded as file "User\Games\2020-03-04 18.51.52 [Online] @SalemZ, Varow, F3N1X.WAgame"
[2020-03-04 19.14.26] ••• Connection closed: 1, 1
[2020-03-04 19.14.26] ••• Connection closed: 1, 1
[2020-03-04 19.14.31] ••• Player parted or was kicked: Varow
[2020-03-04 19.14.37] ••• Connection closed: 0, 2
[2020-03-04 19.14.37] ••• Player parted or was kicked: F3N1X
[2020-03-04 19.14.56] ••• Connection closed: 0, -1
[2020-03-04 19.14.56] ••• Connection closed: 1, -1
[2020-03-04 19.14.56] ••• Connection closed: 2, -1
[2020-03-04 19.14.56] ••• Connection closed: 3, -1
[2020-03-04 19.14.56] ••• Connection closed: 4, -1
[2020-03-04 19.14.56] ••• Connection closed: 5, -1
[2020-03-04 19.14.56] ••• Session ended
