[2020-01-08 22.28.29] ••• SalemZ is hosting a game on DirectIP named "SalemZ"
[2020-01-08 22.28.30] ••• Incoming connection on slot 0
[2020-01-08 22.28.30] ••• Incoming connection on slot 1
[2020-01-08 22.28.31] ••• Incoming connection on slot 2
[2020-01-08 22.28.34] ••• Player joined: Dejvid
[2020-01-08 22.28.34] ••• Validated connection: 0, 1, Dejvid
[2020-01-08 22.28.36] ••• Player joined: DOM
[2020-01-08 22.28.36] ••• Validated connection: 2, 2, DOM
[2020-01-08 22.28.36] ••• Player joined: Varow
[2020-01-08 22.28.36] ••• Validated connection: 1, 3, Varow
[2020-01-08 22.29.17] • Game will take advantage of the latest 3.7.2.1 features and bug fixes
[2020-01-08 22.29.18] ••• Starting game, recorded as file "User\Games\2020-01-08 22.29.18 [Online] @SalemZ, Dejvid, DOM, Varow.WAgame"
[2020-01-08 22.52.59] ••• Starting game, recorded as file "User\Games\2020-01-08 22.52.59 [Online Round 2] @SalemZ, Dejvid, DOM, Varow.WAgame"
[2020-01-08 23.15.41] • Game will take advantage of the latest 3.7.2.1 features and bug fixes
[2020-01-08 23.15.43] ••• Starting game, recorded as file "User\Games\2020-01-08 23.15.43 [Online] @SalemZ, Dejvid, DOM, Varow.WAgame"
[2020-01-08 23.15.53] ••• Connection closed: 0, 1
[2020-01-08 23.15.53] ••• Connection closed: 1, 3
[2020-01-08 23.15.53] ••• Connection closed: 2, 2
[2020-01-08 23.15.53] ••• Connection closed: 3, -1
[2020-01-08 23.15.53] ••• Connection closed: 4, -1
[2020-01-08 23.15.53] ••• Connection closed: 5, -1
[2020-01-08 23.15.53] ••• Session ended
