[2020-01-14 22.49.25] ••• SalemZ is hosting a game on DirectIP named "SalemZ"
[2020-01-14 22.49.25] ••• Incoming connection on slot 0
[2020-01-14 22.49.25] ••• Incoming connection on slot 1
[2020-01-14 22.49.28] ••• Player joined: DOM
[2020-01-14 22.49.28] ••• Validated connection: 0, 1, DOM
[2020-01-14 22.49.33] ••• Player joined: Varow
[2020-01-14 22.49.33] ••• Validated connection: 1, 2, Varow
[2020-01-14 22.50.56] • Game will take advantage of the latest 3.7.2.1 features and bug fixes
[2020-01-14 22.50.59] ••• Starting game, recorded as file "User\Games\2020-01-14 22.50.59 [Online] @SalemZ, DOM, Varow.WAgame"
[2020-01-14 23.09.10] ••• Starting game, recorded as file "User\Games\2020-01-14 23.09.10 [Online Round 2] @SalemZ, DOM, Varow.WAgame"
[2020-01-14 23.23.47] • Game will take advantage of the latest 3.7.2.1 features and bug fixes
[2020-01-14 23.23.48] ••• Starting game, recorded as file "User\Games\2020-01-14 23.23.48 [Online] @SalemZ, DOM, Varow.WAgame"
[2020-01-14 23.41.52] ••• Starting game, recorded as file "User\Games\2020-01-14 23.41.52 [Online Round 2] @SalemZ, DOM, Varow.WAgame"
[2020-01-14 23.58.12] ••• Starting game, recorded as file "User\Games\2020-01-14 23.58.12 [Online Round 3] @SalemZ, DOM, Varow.WAgame"
[2020-01-15 00.06.23] ••• Connection closed: 0, 1
[2020-01-15 00.06.23] ••• Connection closed: 1, 2
[2020-01-15 00.06.23] ••• Connection closed: 2, -1
[2020-01-15 00.06.23] ••• Connection closed: 3, -1
[2020-01-15 00.06.23] ••• Connection closed: 4, -1
[2020-01-15 00.06.23] ••• Connection closed: 5, -1
[2020-01-15 00.06.23] ••• Session ended
