[2020-05-03 09.02.33] ••• SalemZ is hosting a game on DirectIP named "SalemZ"
[2020-05-03 09.02.34] ••• Incoming connection on slot 0
[2020-05-03 09.02.36] ••• Player joined: Varow
[2020-05-03 09.02.36] ••• Validated connection: 0, 1, Varow
[2020-05-03 09.03.18] • Game will take advantage of the latest 3.7.2.1 features and bug fixes
[2020-05-03 09.03.20] ••• Starting game, recorded as file "User\Games\2020-05-03 09.03.20 [Online] @SalemZ, Varow.WAgame"
[2020-05-03 09.20.20] ••• Starting game, recorded as file "User\Games\2020-05-03 09.20.20 [Online Round 2] @SalemZ, Varow.WAgame"
[2020-05-03 09.37.27] • Game will take advantage of the latest 3.7.2.1 features and bug fixes
[2020-05-03 09.37.31] ••• Starting game, recorded as file "User\Games\2020-05-03 09.37.31 [Online] @SalemZ, Varow.WAgame"
[2020-05-03 09.50.32] ••• Starting game, recorded as file "User\Games\2020-05-03 09.50.32 [Online Round 2] @SalemZ, Varow.WAgame"
[2020-05-03 10.00.40] ••• Connection closed: 0, 1
[2020-05-03 10.00.40] ••• Connection closed: 0, 1
[2020-05-03 10.01.00] ••• Player parted or was kicked: Varow
[2020-05-03 10.01.01] ••• Connection closed: 0, -1
[2020-05-03 10.01.01] ••• Connection closed: 1, -1
[2020-05-03 10.01.01] ••• Connection closed: 2, -1
[2020-05-03 10.01.01] ••• Connection closed: 3, -1
[2020-05-03 10.01.01] ••• Connection closed: 4, -1
[2020-05-03 10.01.01] ••• Connection closed: 5, -1
[2020-05-03 10.01.01] ••• Session ended
