[2020-09-21 19.44.13] ••• SalemZ is hosting a game on DirectIP named "SalemZ"
[2020-09-21 19.44.15] ••• Incoming connection on slot 0
[2020-09-21 19.44.15] ••• Player joined: sikor
[2020-09-21 19.44.15] ••• Validated connection: 0, 1, sikor
[2020-09-21 19.44.17] ••• Incoming connection on slot 1
[2020-09-21 19.44.18] ••• Player joined: Fatstyna
[2020-09-21 19.44.18] ••• Validated connection: 1, 2, Fatstyna
[2020-09-21 19.44.23] ••• Incoming connection on slot 2
[2020-09-21 19.44.24] ••• Player joined: F3N1X
[2020-09-21 19.44.24] ••• Validated connection: 2, 3, F3N1X
[2020-09-21 19.47.23] • Game will take advantage of the latest 3.7.2.1 features and bug fixes
[2020-09-21 19.47.25] ••• Starting game, recorded as file "User\Games\2020-09-21 19.47.25 [Online] @SalemZ, sikor, Fatstyna, F3N1X.WAgame"
[2020-09-21 20.00.55] ••• Connection closed: 2, 3
[2020-09-21 20.00.55] ••• Connection closed: 2, 3
[2020-09-21 20.02.58] ••• Player parted or was kicked: F3N1X
[2020-09-21 20.03.13] ••• Starting game, recorded as file "User\Games\2020-09-21 20.03.13 [Online Round 2] @SalemZ, sikor, Fatstyna.WAgame"
[2020-09-21 20.20.36] ••• Player parted or was kicked: sikor
[2020-09-21 20.21.53] ••• Connection closed: 0, -1
[2020-09-21 20.21.53] ••• Connection closed: 1, 2
[2020-09-21 20.21.53] ••• Connection closed: 2, -1
[2020-09-21 20.21.53] ••• Connection closed: 3, -1
[2020-09-21 20.21.53] ••• Connection closed: 4, -1
[2020-09-21 20.21.53] ••• Connection closed: 5, -1
[2020-09-21 20.21.53] ••• Session ended
