[2020-03-02 21.01.02] ••• SalemZ is hosting a game on DirectIP named "SalemZ"
[2020-03-02 21.01.03] ••• Incoming connection on slot 0
[2020-03-02 21.01.09] ••• Player joined: F3N1X
[2020-03-02 21.01.09] ••• Validated connection: 0, 1, F3N1X
[2020-03-02 21.01.11] ••• Incoming connection on slot 1
[2020-03-02 21.01.13] ••• Player joined: Varow
[2020-03-02 21.01.13] ••• Validated connection: 1, 2, Varow
[2020-03-02 21.01.50] [SalemZ] ile
[2020-03-02 21.02.37] • Game will take advantage of the latest 3.7.2.1 features and bug fixes
[2020-03-02 21.02.40] ••• Starting game, recorded as file "User\Games\2020-03-02 21.02.40 [Online] @SalemZ, F3N1X, Varow.WAgame"
[2020-03-02 21.17.56] ••• Starting game, recorded as file "User\Games\2020-03-02 21.17.56 [Online Round 2] @SalemZ, F3N1X, Varow.WAgame"
[2020-03-02 21.38.11] ••• Connection closed: 0, 1
[2020-03-02 21.38.11] ••• Player parted or was kicked: F3N1X
[2020-03-02 21.38.13] ••• Player parted or was kicked: Varow
[2020-03-02 21.38.15] ••• Connection closed: 0, -1
[2020-03-02 21.38.15] ••• Connection closed: 1, -1
[2020-03-02 21.38.15] ••• Connection closed: 2, -1
[2020-03-02 21.38.15] ••• Connection closed: 3, -1
[2020-03-02 21.38.15] ••• Connection closed: 4, -1
[2020-03-02 21.38.15] ••• Connection closed: 5, -1
