[2020-01-25 22.07.03] ••• SalemZ is hosting a game on DirectIP named "SalemZ"
[2020-01-25 22.07.03] ••• Incoming connection on slot 0
[2020-01-25 22.07.04] ••• Incoming connection on slot 1
[2020-01-25 22.07.06] ••• Player joined: Varow
[2020-01-25 22.07.06] ••• Validated connection: 1, 1, Varow
[2020-01-25 22.07.07] ••• Player joined: DOM
[2020-01-25 22.07.07] ••• Validated connection: 0, 2, DOM
[2020-01-25 22.07.33] • Game will take advantage of the latest 3.7.2.1 features and bug fixes
[2020-01-25 22.07.35] ••• Starting game, recorded as file "User\Games\2020-01-25 22.07.35 [Online] @SalemZ, Varow, DOM.WAgame"
[2020-01-25 22.30.35] ••• Starting game, recorded as file "User\Games\2020-01-25 22.30.35 [Online Round 2] @SalemZ, Varow, DOM.WAgame"
[2020-01-25 22.43.48] ••• Connection closed: 0, 2
[2020-01-25 22.43.48] ••• Connection closed: 0, 2
[2020-01-25 23.05.20] ••• Connection closed: 1, 1
[2020-01-25 23.05.20] ••• Connection closed: 1, 1
[2020-01-25 23.05.28] ••• Player parted or was kicked: Varow
[2020-01-25 23.05.29] ••• Player parted or was kicked: DOM
[2020-01-25 23.05.42] ••• Connection closed: 0, -1
[2020-01-25 23.05.42] ••• Connection closed: 1, -1
[2020-01-25 23.05.42] ••• Connection closed: 2, -1
[2020-01-25 23.05.42] ••• Connection closed: 3, -1
[2020-01-25 23.05.42] ••• Connection closed: 4, -1
[2020-01-25 23.05.42] ••• Connection closed: 5, -1
