[2020-06-22 20.58.38] ••• SalemZ is hosting a game on DirectIP named "SalemZ"
[2020-06-22 20.58.39] ••• Incoming connection on slot 0
[2020-06-22 20.58.39] ••• Player joined: sikor
[2020-06-22 20.58.39] ••• Validated connection: 0, 1, sikor
[2020-06-22 20.58.41] ••• Incoming connection on slot 1
[2020-06-22 20.58.42] ••• Player joined: F3N1X
[2020-06-22 20.58.42] ••• Validated connection: 1, 2, F3N1X
[2020-06-22 20.58.50] [sikor] Nie wiem co zrobi
[2020-06-22 20.58.59] [F3N1X] nie masz pojecia co zrobic co nie dejv
[2020-06-22 20.59.00] [sikor] rozjebie was
[2020-06-22 20.59.07] [SalemZ] chyba snisz
[2020-06-22 20.59.14] [sikor] znaczy wiesz ja was sysze
[2020-06-22 20.59.16] [F3N1X] wasze stare
[2020-06-22 20.59.17] [sikor] slysze*
[2020-06-22 20.59.22] [sikor] Moje stare*
[2020-06-22 20.59.25] [SalemZ] rolnik kurwo ready
[2020-06-22 20.59.31] • Game will take advantage of the latest 3.7.2.1 features and bug fixes
[2020-06-22 20.59.35] [SalemZ] dobry pies
[2020-06-22 20.59.38] ••• Starting game, recorded as file "User\Games\2020-06-22 20.59.38 [Online] @SalemZ, sikor, F3N1X.WAgame"
[2020-06-22 21.11.50] [F3N1X] ezzzzzzzzzzzzzzzzzzzz
[2020-06-22 21.11.54] [F3N1X] ezzzzzzzzzzzzzzzzzzzzzzzzz
[2020-06-22 21.11.55] [SalemZ] rolnik ready
[2020-06-22 21.11.57] [F3N1X] w chuj
[2020-06-22 21.12.00] ••• Starting game, recorded as file "User\Games\2020-06-22 21.12.00 [Online Round 2] @SalemZ, sikor, F3N1X.WAgame"
[2020-06-22 21.30.58] [sikor] iz
[2020-06-22 21.31.02] [sikor] skill
[2020-06-22 21.31.14] [F3N1X] p
[2020-06-22 21.31.14] [sikor] kazdy ma taka ilosc wygranych jaka potrzebuje
[2020-06-22 21.31.14] [F3N1X] i
[2020-06-22 21.31.16] [F3N1X] z
[2020-06-22 21.31.16] [sikor] ja chyba 
[2020-06-22 21.31.16] [F3N1X] s
[2020-06-22 21.31.17] [F3N1X] a
[2020-06-22 21.31.18] [sikor] uciekam
[2020-06-22 21.31.23] [SalemZ] ostatnia
[2020-06-22 21.31.29] [sikor] hm
[2020-06-22 21.31.34] ••• Starting game, recorded as file "User\Games\2020-06-22 21.31.34 [Online Round 3] @SalemZ, sikor, F3N1X.WAgame"
[2020-06-22 21.52.36] [sikor] nope
[2020-06-22 21.52.36] [sikor] gg
[2020-06-22 21.52.37] ••• Connection closed: 0, 1
[2020-06-22 21.52.37] ••• Connection closed: 1, 2
[2020-06-22 21.52.37] ••• Connection closed: 2, -1
[2020-06-22 21.52.37] ••• Connection closed: 3, -1
[2020-06-22 21.52.37] ••• Connection closed: 4, -1
[2020-06-22 21.52.37] ••• Connection closed: 5, -1
[2020-06-22 21.52.37] ••• Session ended
