[2020-05-01 20.59.28] ••• SalemZ is hosting a game on DirectIP named "GameRanger"
[2020-05-01 20.59.31] ••• Incoming connection on slot 0
[2020-05-01 20.59.31] ••• Incoming connection on slot 1
[2020-05-01 20.59.31] ••• Player joined: sikor
[2020-05-01 20.59.31] ••• Validated connection: 0, 1, sikor
[2020-05-01 20.59.31] ••• Player joined: F3N1X
[2020-05-01 20.59.31] ••• Validated connection: 1, 2, F3N1X
[2020-05-01 21.01.33] • Game will take advantage of the latest 3.7.2.1 features and bug fixes
[2020-05-01 21.01.37] [sikor] sdfasd
[2020-05-01 21.02.21] ••• Starting game, recorded as file "User\Games\2020-05-01 21.02.21 [Online] @SalemZ, sikor, F3N1X.WAgame"
[2020-05-01 21.22.02] ••• Starting game, recorded as file "User\Games\2020-05-01 21.22.02 [Online Round 2] @SalemZ, sikor, F3N1X.WAgame"
[2020-05-01 21.40.13] ••• Starting game, recorded as file "User\Games\2020-05-01 21.40.13 [Online Round 3] @SalemZ, sikor, F3N1X.WAgame"
[2020-05-01 21.54.57] ••• Connection closed: 1, 2
[2020-05-01 21.54.57] ••• Player parted or was kicked: F3N1X
[2020-05-01 21.55.26] ••• Connection closed: 0, 1
[2020-05-01 21.55.26] ••• Player parted or was kicked: sikor
[2020-05-01 21.55.36] ••• Connection closed: 0, -1
[2020-05-01 21.55.36] ••• Connection closed: 1, -1
[2020-05-01 21.55.36] ••• Connection closed: 2, -1
[2020-05-01 21.55.36] ••• Connection closed: 3, -1
[2020-05-01 21.55.36] ••• Connection closed: 4, -1
[2020-05-01 21.55.36] ••• Connection closed: 5, -1
[2020-05-01 21.55.36] ••• Session ended
