[2020-02-02 21.33.30] ••• SalemZ is hosting a game on DirectIP named "SalemZ"
[2020-02-02 21.33.30] ••• Incoming connection on slot 0
[2020-02-02 21.33.30] ••• Incoming connection on slot 1
[2020-02-02 21.33.33] ••• Player joined: Varow
[2020-02-02 21.33.33] ••• Validated connection: 0, 1, Varow
[2020-02-02 21.33.34] ••• Player joined: DOM
[2020-02-02 21.33.34] ••• Validated connection: 1, 2, DOM
[2020-02-02 21.33.57] • Game will take advantage of the latest 3.7.2.1 features and bug fixes
[2020-02-02 21.33.59] ••• Starting game, recorded as file "User\Games\2020-02-02 21.33.59 [Online] @SalemZ, Varow, DOM.WAgame"
[2020-02-02 21.58.34] ••• Starting game, recorded as file "User\Games\2020-02-02 21.58.34 [Online Round 2] @SalemZ, Varow, DOM.WAgame"
[2020-02-02 22.12.38] ••• Starting game, recorded as file "User\Games\2020-02-02 22.12.38 [Online Round 3] @SalemZ, Varow, DOM.WAgame"
[2020-02-02 22.32.06] • Game will take advantage of the latest 3.7.2.1 features and bug fixes
[2020-02-02 22.32.08] ••• Starting game, recorded as file "User\Games\2020-02-02 22.32.08 [Online] @SalemZ, Varow, DOM.WAgame"
[2020-02-02 22.42.44] ••• Connection closed: 0, 1
[2020-02-02 22.42.44] ••• Connection closed: 0, 1
[2020-02-02 22.45.57] ••• Connection closed: 0, 1
[2020-02-02 22.45.57] ••• Connection closed: 1, 2
[2020-02-02 22.45.57] ••• Connection closed: 2, -1
[2020-02-02 22.45.57] ••• Connection closed: 3, -1
[2020-02-02 22.45.57] ••• Connection closed: 4, -1
[2020-02-02 22.45.57] ••• Connection closed: 5, -1
[2020-02-02 22.45.57] ••• Session ended
