[2020-04-29 08.32.36] ••• SalemZ is hosting a game on DirectIP named "GameRanger"
[2020-04-29 08.32.45] ••• Incoming connection on slot 0
[2020-04-29 08.32.46] ••• Player joined: usex
[2020-04-29 08.32.46] ••• Validated connection: 0, 1, usex
[2020-04-29 08.33.05] [SalemZ] 16bit nagrobki?
[2020-04-29 08.33.06] [SalemZ] XD
[2020-04-29 08.33.13] [usex] :V
[2020-04-29 08.33.35] [usex] daj wiecej czasu
[2020-04-29 08.33.41] [SalemZ] ile
[2020-04-29 08.33.41] [usex] 23s to ja mam laga xd
[2020-04-29 08.33.46] [usex] 30 chociaz
[2020-04-29 08.33.49] [usex] dla mnie ;p
[2020-04-29 08.33.55] [usex] ty tam kurwiu 10
[2020-04-29 08.34.01] • Game will take advantage of the latest 3.7.2.1 features and bug fixes
[2020-04-29 08.34.06] ••• Starting game, recorded as file "User\Games\2020-04-29 08.34.06 [Online] @SalemZ, usex.WAgame"
[2020-04-29 08.50.29] ••• Connection closed: 0, 1
[2020-04-29 08.50.29] ••• Connection closed: 1, -1
[2020-04-29 08.50.29] ••• Connection closed: 2, -1
[2020-04-29 08.50.29] ••• Connection closed: 3, -1
[2020-04-29 08.50.29] ••• Connection closed: 4, -1
[2020-04-29 08.50.29] ••• Connection closed: 5, -1
[2020-04-29 08.50.29] ••• Session ended
