[2020-06-14 21.07.14] ••• SalemZ is hosting a game on DirectIP named "SalemZ"
[2020-06-14 21.07.15] ••• Incoming connection on slot 0
[2020-06-14 21.07.16] ••• Player joined: sikor
[2020-06-14 21.07.16] ••• Validated connection: 0, 1, sikor
[2020-06-14 21.07.20] ••• Incoming connection on slot 1
[2020-06-14 21.07.20] ••• Player joined: F3N1X
[2020-06-14 21.07.20] ••• Validated connection: 1, 2, F3N1X
[2020-06-14 21.08.00] • Game will take advantage of the latest 3.7.2.1 features and bug fixes
[2020-06-14 21.08.02] ••• Starting game, recorded as file "User\Games\2020-06-14 21.08.02 [Online] @SalemZ, sikor, F3N1X.WAgame"
[2020-06-14 21.26.15] ••• Starting game, recorded as file "User\Games\2020-06-14 21.26.15 [Online Round 2] @SalemZ, sikor, F3N1X.WAgame"
[2020-06-14 21.44.27] • Game will take advantage of the latest 3.7.2.1 features and bug fixes
[2020-06-14 21.44.28] ••• Starting game, recorded as file "User\Games\2020-06-14 21.44.28 [Online] @SalemZ, sikor, F3N1X.WAgame"
[2020-06-14 22.10.42] ••• Starting game, recorded as file "User\Games\2020-06-14 22.10.42 [Online Round 2] @SalemZ, sikor, F3N1X.WAgame"
[2020-06-14 22.28.19] ••• Player parted or was kicked: F3N1X
[2020-06-14 22.28.21] ••• Connection closed: 0, 1
[2020-06-14 22.28.21] ••• Connection closed: 1, -1
[2020-06-14 22.28.21] ••• Connection closed: 2, -1
[2020-06-14 22.28.21] ••• Connection closed: 3, -1
[2020-06-14 22.28.21] ••• Connection closed: 4, -1
[2020-06-14 22.28.21] ••• Connection closed: 5, -1
[2020-06-14 22.28.21] ••• Session ended
