[2020-08-03 21.25.29] ••• SalemZ is hosting a game on DirectIP named "SalemZ"
[2020-08-03 21.25.30] ••• Incoming connection on slot 0
[2020-08-03 21.25.30] ••• Player joined: sikor
[2020-08-03 21.25.30] ••• Validated connection: 0, 1, sikor
[2020-08-03 21.25.30] ••• Incoming connection on slot 1
[2020-08-03 21.25.30] ••• Player joined: F3N1X
[2020-08-03 21.25.30] ••• Validated connection: 1, 2, F3N1X
[2020-08-03 21.25.32] ••• Incoming connection on slot 2
[2020-08-03 21.25.32] ••• Player joined: Szymon
[2020-08-03 21.25.32] ••• Validated connection: 2, 3, Szymon
[2020-08-03 21.25.47] [Szymon] Siemano
[2020-08-03 21.25.50] [SalemZ] yoyo
[2020-08-03 21.25.51] [F3N1X] elo
[2020-08-03 21.25.52] [Szymon] discord?
[2020-08-03 21.25.54] [Szymon] ts3?
[2020-08-03 21.25.57] [F3N1X] dis
[2020-08-03 21.25.58] [SalemZ] po mapie
[2020-08-03 21.26.01] [Szymon] ip
[2020-08-03 21.26.16] [SalemZ] bo wyjebie gre
[2020-08-03 21.26.16] [SalemZ] ready 
[2020-08-03 21.26.18] [SalemZ] xd
[2020-08-03 21.26.23] • Game will take advantage of the latest 3.7.2.1 features and bug fixes
[2020-08-03 21.26.25] ••• Starting game, recorded as file "User\Games\2020-08-03 21.26.25 [Online] @SalemZ, sikor, F3N1X, Szymon.WAgame"
[2020-08-03 21.48.20] [sikor] last game
[2020-08-03 21.48.23] [F3N1X] k
[2020-08-03 21.48.33] • Game will take advantage of the latest 3.7.2.1 features and bug fixes
[2020-08-03 21.48.36] ••• Starting game, recorded as file "User\Games\2020-08-03 21.48.36 [Online] @SalemZ, sikor, F3N1X, Szymon.WAgame"
[2020-08-03 22.11.48] ••• Connection closed: 2, 3
[2020-08-03 22.11.48] ••• Connection closed: 2, 3
[2020-08-03 22.13.39] ••• Player parted or was kicked: Szymon
[2020-08-03 22.13.39] ••• Connection closed: 0, 1
[2020-08-03 22.13.39] ••• Player parted or was kicked: sikor
[2020-08-03 22.13.41] ••• Connection closed: 0, -1
[2020-08-03 22.13.41] ••• Connection closed: 1, 2
[2020-08-03 22.13.41] ••• Connection closed: 2, -1
[2020-08-03 22.13.41] ••• Connection closed: 3, -1
[2020-08-03 22.13.41] ••• Connection closed: 4, -1
[2020-08-03 22.13.41] ••• Connection closed: 5, -1
[2020-08-03 22.13.41] ••• Session ended
