[2020-01-15 16.02.07] ••• SalemZ is hosting a game on DirectIP named "SalemZ"
[2020-01-15 16.02.14] ••• Incoming connection on slot 0
[2020-01-15 16.02.18] ••• Connection closed: 0, -1
[2020-01-15 16.02.26] ••• Incoming connection on slot 0
[2020-01-15 16.02.29] ••• Player joined: Varow
[2020-01-15 16.02.29] ••• Validated connection: 0, 1, Varow
[2020-01-15 16.02.45] ••• Connection closed: 0, 1
[2020-01-15 16.02.45] ••• Player parted or was kicked: Varow
[2020-01-15 16.02.49] ••• Incoming connection on slot 0
[2020-01-15 16.02.50] ••• Player joined: Varow
[2020-01-15 16.02.50] ••• Validated connection: 0, 1, Varow
[2020-01-15 16.03.25] • Game will take advantage of the latest 3.7.2.1 features and bug fixes
[2020-01-15 16.03.28] ••• Starting game, recorded as file "User\Games\2020-01-15 16.03.28 [Online] @SalemZ, Varow.WAgame"
[2020-01-15 16.19.42] ••• Connection closed: 0, 1
[2020-01-15 16.19.42] ••• Connection closed: 1, -1
[2020-01-15 16.19.42] ••• Connection closed: 2, -1
[2020-01-15 16.19.42] ••• Connection closed: 3, -1
[2020-01-15 16.19.42] ••• Connection closed: 4, -1
[2020-01-15 16.19.42] ••• Connection closed: 5, -1
[2020-01-15 16.19.42] ••• Session ended
