[2020-02-26 18.52.14] ••• SalemZ is hosting a game on DirectIP named "SalemZ"
[2020-02-26 18.52.15] ••• Incoming connection on slot 0
[2020-02-26 18.52.15] ••• Incoming connection on slot 1
[2020-02-26 18.52.19] ••• Player joined: FBR
[2020-02-26 18.52.19] ••• Validated connection: 0, 1, FBR
[2020-02-26 18.52.26] ••• Player joined: Varow
[2020-02-26 18.52.26] ••• Validated connection: 1, 2, Varow
[2020-02-26 18.52.51] • Game will take advantage of the latest 3.7.2.1 features and bug fixes
[2020-02-26 18.52.53] ••• Starting game, recorded as file "User\Games\2020-02-26 18.52.53 [Online] @SalemZ, FBR, Varow.WAgame"
[2020-02-26 19.14.38] [SalemZ] nice move :D
[2020-02-26 19.14.45] [FBR] ))
[2020-02-26 19.14.52] ••• Starting game, recorded as file "User\Games\2020-02-26 19.14.52 [Online Round 2] @SalemZ, FBR, Varow.WAgame"
[2020-02-26 19.31.39] ••• Starting game, recorded as file "User\Games\2020-02-26 19.31.39 [Online Round 3] @SalemZ, FBR, Varow.WAgame"
[2020-02-26 19.48.54] [Varow] gg ;p
[2020-02-26 19.49.04] • Game will take advantage of the latest 3.7.2.1 features and bug fixes
[2020-02-26 19.49.04] [SalemZ] gg
[2020-02-26 19.49.06] ••• Starting game, recorded as file "User\Games\2020-02-26 19.49.06 [Online] @SalemZ, FBR, Varow.WAgame"
[2020-02-26 20.03.51] [FBR] by
[2020-02-26 20.03.52] [SalemZ] lets make lobby again
[2020-02-26 20.03.56] [SalemZ] u going?
[2020-02-26 20.03.59] ••• Player parted or was kicked: FBR
[2020-02-26 20.04.02] ••• Connection closed: 0, -1
[2020-02-26 20.04.02] ••• Connection closed: 1, 2
[2020-02-26 20.04.02] ••• Connection closed: 2, -1
[2020-02-26 20.04.02] ••• Connection closed: 3, -1
[2020-02-26 20.04.02] ••• Connection closed: 4, -1
[2020-02-26 20.04.02] ••• Connection closed: 5, -1
