[2020-01-01 19.06.21] ••• SalemZ is hosting a game on DirectIP named "SalemZ"
[2020-01-01 19.06.21] ••• Incoming connection on slot 0
[2020-01-01 19.06.23] ••• Player joined: Varow
[2020-01-01 19.06.23] ••• Validated connection: 0, 1, Varow
[2020-01-01 19.07.11] • Game will take advantage of the latest 3.7.2.1 features and bug fixes
[2020-01-01 19.07.21] ••• Starting game, recorded as file "User\Games\2020-01-01 19.07.21 [Online] @SalemZ, Varow.WAgame"
[2020-01-01 19.10.15] ••• Starting game, recorded as file "User\Games\2020-01-01 19.10.15 [Online Round 2] @SalemZ, Varow.WAgame"
[2020-01-01 19.24.25] • Game will take advantage of the latest 3.7.2.1 features and bug fixes
[2020-01-01 19.24.26] ••• Starting game, recorded as file "User\Games\2020-01-01 19.24.26 [Online] @SalemZ, Varow.WAgame"
[2020-01-01 19.43.22] ••• Starting game, recorded as file "User\Games\2020-01-01 19.43.22 [Online Round 2] @SalemZ, Varow.WAgame"
[2020-01-01 19.56.00] ••• Starting game, recorded as file "User\Games\2020-01-01 19.56.00 [Online Round 3] @SalemZ, Varow.WAgame"
[2020-01-01 20.15.40] ••• Connection closed: 0, 1
[2020-01-01 20.15.40] ••• Player parted or was kicked: Varow
[2020-01-01 20.16.09] ••• Connection closed: 0, -1
[2020-01-01 20.16.09] ••• Connection closed: 1, -1
[2020-01-01 20.16.09] ••• Connection closed: 2, -1
[2020-01-01 20.16.09] ••• Connection closed: 3, -1
[2020-01-01 20.16.09] ••• Connection closed: 4, -1
[2020-01-01 20.16.09] ••• Connection closed: 5, -1
[2020-01-01 20.16.09] ••• Session ended
