[2020-02-27 21.03.16] ••• SalemZ is hosting a game on DirectIP named "SalemZ"
[2020-02-27 21.03.16] ••• Incoming connection on slot 0
[2020-02-27 21.03.16] ••• Incoming connection on slot 1
[2020-02-27 21.03.16] ••• Incoming connection on slot 2
[2020-02-27 21.03.18] ••• Player joined: Varow
[2020-02-27 21.03.18] ••• Validated connection: 2, 1, Varow
[2020-02-27 21.03.19] ••• Player joined: Dejvid
[2020-02-27 21.03.19] ••• Validated connection: 1, 2, Dejvid
[2020-02-27 21.03.23] ••• Player joined: F3N1X
[2020-02-27 21.03.23] ••• Validated connection: 0, 3, F3N1X
[2020-02-27 21.04.25] • Game will take advantage of the latest 3.7.2.1 features and bug fixes
[2020-02-27 21.04.27] ••• Starting game, recorded as file "User\Games\2020-02-27 21.04.27 [Online] @SalemZ, Varow, Dejvid, F3N1X.WAgame"
[2020-02-27 21.33.10] ••• Player parted or was kicked: Varow
[2020-02-27 21.33.24] ••• Starting game, recorded as file "User\Games\2020-02-27 21.33.24 [Online Round 2] @SalemZ, Dejvid, F3N1X.WAgame"
[2020-02-27 21.50.43] ••• Starting game, recorded as file "User\Games\2020-02-27 21.50.43 [Online Round 3] @SalemZ, Dejvid, F3N1X.WAgame"
[2020-02-27 22.07.37] • Game will take advantage of the latest 3.7.2.1 features and bug fixes
[2020-02-27 22.07.39] ••• Starting game, recorded as file "User\Games\2020-02-27 22.07.39 [Online] @SalemZ, Dejvid, F3N1X.WAgame"
[2020-02-27 22.30.54] ••• Starting game, recorded as file "User\Games\2020-02-27 22.30.54 [Online Round 2] @SalemZ, Dejvid, F3N1X.WAgame"
[2020-02-27 22.45.11] ••• Connection closed: 1, 2
[2020-02-27 22.45.11] ••• Player parted or was kicked: Dejvid
[2020-02-27 22.45.11] ••• Connection closed: 0, 3
[2020-02-27 22.45.12] ••• Player parted or was kicked: F3N1X
[2020-02-27 22.45.12] ••• Connection closed: 0, -1
[2020-02-27 22.45.12] ••• Connection closed: 1, -1
[2020-02-27 22.45.12] ••• Connection closed: 2, -1
[2020-02-27 22.45.12] ••• Connection closed: 3, -1
[2020-02-27 22.45.12] ••• Connection closed: 4, -1
[2020-02-27 22.45.12] ••• Connection closed: 5, -1
[2020-02-27 22.45.12] ••• Session ended
