[2020-03-04 17.39.41] ••• SalemZ is hosting a game on DirectIP named "SalemZ"
[2020-03-04 17.39.42] ••• Incoming connection on slot 0
[2020-03-04 17.39.42] ••• Incoming connection on slot 1
[2020-03-04 17.39.44] ••• Player joined: Varow
[2020-03-04 17.39.44] ••• Validated connection: 0, 1, Varow
[2020-03-04 17.39.49] ••• Player joined: F3N1X
[2020-03-04 17.39.49] ••• Validated connection: 1, 2, F3N1X
[2020-03-04 17.41.49] • Game will take advantage of the latest 3.7.2.1 features and bug fixes
[2020-03-04 17.41.51] ••• Starting game, recorded as file "User\Games\2020-03-04 17.41.51 [Online] @SalemZ, Varow, F3N1X.WAgame"
[2020-03-04 18.01.03] ••• Starting game, recorded as file "User\Games\2020-03-04 18.01.03 [Online Round 2] @SalemZ, Varow, F3N1X.WAgame"
[2020-03-04 18.17.56] ••• Starting game, recorded as file "User\Games\2020-03-04 18.17.56 [Online Round 3] @SalemZ, Varow, F3N1X.WAgame"
[2020-03-04 18.18.40] ••• Connection closed: 1, 2
[2020-03-04 18.18.41] ••• Connection closed: 1, 2
[2020-03-04 18.18.49] ••• Connection closed: 0, 1
[2020-03-04 18.18.49] ••• Connection closed: 1, 2
[2020-03-04 18.18.49] ••• Connection closed: 2, -1
[2020-03-04 18.18.49] ••• Connection closed: 3, -1
[2020-03-04 18.18.49] ••• Connection closed: 4, -1
[2020-03-04 18.18.49] ••• Connection closed: 5, -1
[2020-03-04 18.18.49] ••• Session ended
