[2020-02-08 19.17.06] ••• SalemZ is hosting a game on DirectIP named "SalemZ"
[2020-02-08 19.17.08] ••• Incoming connection on slot 0
[2020-02-08 19.17.10] ••• Player joined: Varow
[2020-02-08 19.17.10] ••• Validated connection: 0, 1, Varow
[2020-02-08 19.17.12] ••• Incoming connection on slot 1
[2020-02-08 19.17.15] ••• Player joined: F3N1X
[2020-02-08 19.17.15] ••• Validated connection: 1, 2, F3N1X
[2020-02-08 19.17.28] • Game will take advantage of the latest 3.7.2.1 features and bug fixes
[2020-02-08 19.17.38] ••• Starting game, recorded as file "User\Games\2020-02-08 19.17.38 [Online] @SalemZ, Varow, F3N1X.WAgame"
[2020-02-08 19.41.21] ••• Starting game, recorded as file "User\Games\2020-02-08 19.41.21 [Online Round 2] @SalemZ, Varow, F3N1X.WAgame"
[2020-02-08 20.02.07] ••• Starting game, recorded as file "User\Games\2020-02-08 20.02.07 [Online Round 3] @SalemZ, Varow, F3N1X.WAgame"
[2020-02-08 20.20.30] ••• Starting game, recorded as file "User\Games\2020-02-08 20.20.30 [Online Round 4] @SalemZ, Varow, F3N1X.WAgame"
[2020-02-08 20.31.58] ••• Connection closed: 1, 2
[2020-02-08 20.31.58] ••• Player parted or was kicked: F3N1X
[2020-02-08 20.31.59] ••• Connection closed: 0, 1
[2020-02-08 20.31.59] ••• Player parted or was kicked: Varow
[2020-02-08 20.32.01] ••• Connection closed: 0, -1
[2020-02-08 20.32.01] ••• Connection closed: 1, -1
[2020-02-08 20.32.01] ••• Connection closed: 2, -1
[2020-02-08 20.32.01] ••• Connection closed: 3, -1
[2020-02-08 20.32.01] ••• Connection closed: 4, -1
[2020-02-08 20.32.01] ••• Connection closed: 5, -1
[2020-02-08 20.32.01] ••• Session ended
