[2020-02-23 21.51.08] ••• SalemZ is hosting a game on DirectIP named "SalemZ"
[2020-02-23 21.51.09] ••• Incoming connection on slot 0
[2020-02-23 21.51.10] ••• Player joined: F3N1X
[2020-02-23 21.51.10] ••• Validated connection: 0, 1, F3N1X
[2020-02-23 21.51.11] ••• Incoming connection on slot 1
[2020-02-23 21.51.14] ••• Player joined: Varow
[2020-02-23 21.51.14] ••• Validated connection: 1, 2, Varow
[2020-02-23 21.51.38] • Game will take advantage of the latest 3.7.2.1 features and bug fixes
[2020-02-23 21.51.43] ••• Starting game, recorded as file "User\Games\2020-02-23 21.51.43 [Online] @SalemZ, F3N1X, Varow.WAgame"
[2020-02-23 22.02.14] ••• Starting game, recorded as file "User\Games\2020-02-23 22.02.14 [Online Round 2] @SalemZ, F3N1X, Varow.WAgame"
[2020-02-23 22.18.27] ••• Starting game, recorded as file "User\Games\2020-02-23 22.18.27 [Online Round 3] @SalemZ, F3N1X, Varow.WAgame"
[2020-02-23 22.36.03] ••• Connection closed: 0, 1
[2020-02-23 22.36.03] ••• Connection closed: 0, 1
[2020-02-23 22.40.32] ••• Player parted or was kicked: F3N1X
[2020-02-23 22.40.34] ••• Connection closed: 0, -1
[2020-02-23 22.40.34] ••• Connection closed: 1, 2
[2020-02-23 22.40.34] ••• Connection closed: 2, -1
[2020-02-23 22.40.34] ••• Connection closed: 3, -1
[2020-02-23 22.40.34] ••• Connection closed: 4, -1
[2020-02-23 22.40.34] ••• Connection closed: 5, -1
[2020-02-23 22.40.34] ••• Session ended
