[2020-01-15 22.03.45] ••• SalemZ is hosting a game on DirectIP named "SalemZ"
[2020-01-15 22.03.45] ••• Incoming connection on slot 0
[2020-01-15 22.03.45] ••• Incoming connection on slot 1
[2020-01-15 22.03.47] ••• Player joined: Varow
[2020-01-15 22.03.47] ••• Validated connection: 1, 1, Varow
[2020-01-15 22.04.09] ••• Player joined: DOM
[2020-01-15 22.04.09] ••• Validated connection: 0, 2, DOM
[2020-01-15 22.04.41] • Game will take advantage of the latest 3.7.2.1 features and bug fixes
[2020-01-15 22.04.42] ••• Starting game, recorded as file "User\Games\2020-01-15 22.04.42 [Online] @SalemZ, Varow, DOM.WAgame"
[2020-01-15 22.22.38] ••• Starting game, recorded as file "User\Games\2020-01-15 22.22.38 [Online Round 2] @SalemZ, Varow, DOM.WAgame"
[2020-01-15 22.55.10] ••• Starting game, recorded as file "User\Games\2020-01-15 22.55.10 [Online Round 3] @SalemZ, Varow, DOM.WAgame"
[2020-01-15 23.23.06] ••• Connection closed: 1, 1
[2020-01-15 23.23.06] ••• Player parted or was kicked: Varow
[2020-01-15 23.23.08] ••• Connection closed: 0, 2
[2020-01-15 23.23.08] ••• Connection closed: 1, -1
[2020-01-15 23.23.08] ••• Connection closed: 2, -1
[2020-01-15 23.23.08] ••• Connection closed: 3, -1
[2020-01-15 23.23.08] ••• Connection closed: 4, -1
[2020-01-15 23.23.08] ••• Connection closed: 5, -1
[2020-01-15 23.23.08] ••• Session ended
