[2020-01-10 22.58.36] ••• SalemZ is hosting a game on DirectIP named "SalemZ"
[2020-01-10 22.58.37] ••• Incoming connection on slot 0
[2020-01-10 22.58.37] ••• Incoming connection on slot 1
[2020-01-10 22.58.37] ••• Incoming connection on slot 2
[2020-01-10 22.58.38] ••• Connection closed: 2, -1
[2020-01-10 22.58.39] ••• Player joined: Varow
[2020-01-10 22.58.39] ••• Validated connection: 1, 1, Varow
[2020-01-10 22.58.39] ••• Player joined: DOM
[2020-01-10 22.58.39] ••• Validated connection: 0, 2, DOM
[2020-01-10 22.59.44] • Game will take advantage of the latest 3.7.2.1 features and bug fixes
[2020-01-10 22.59.46] ••• Starting game, recorded as file "User\Games\2020-01-10 22.59.46 [Online] @SalemZ, Varow, DOM.WAgame"
[2020-01-10 23.15.00] ••• Starting game, recorded as file "User\Games\2020-01-10 23.15.00 [Online Round 2] @SalemZ, Varow, DOM.WAgame"
[2020-01-10 23.33.14] ••• Player parted or was kicked: DOM
[2020-01-10 23.33.15] ••• Connection closed: 0, -1
[2020-01-10 23.33.15] ••• Connection closed: 1, 1
[2020-01-10 23.33.15] ••• Connection closed: 2, -1
[2020-01-10 23.33.15] ••• Connection closed: 3, -1
[2020-01-10 23.33.15] ••• Connection closed: 4, -1
[2020-01-10 23.33.15] ••• Connection closed: 5, -1
[2020-01-10 23.33.15] ••• Session ended
