[2020-03-08 13.58.46] ••• SalemZ is hosting a game on DirectIP named "SalemZ"
[2020-03-08 13.58.47] ••• Incoming connection on slot 0
[2020-03-08 13.58.47] ••• Incoming connection on slot 1
[2020-03-08 13.58.47] ••• Connection closed: 1, -1
[2020-03-08 13.58.51] ••• Player joined: F3N1X
[2020-03-08 13.58.51] ••• Validated connection: 0, 1, F3N1X
[2020-03-08 13.58.55] ••• Incoming connection on slot 1
[2020-03-08 13.59.00] ••• Player joined: Varow
[2020-03-08 13.59.00] ••• Validated connection: 1, 2, Varow
[2020-03-08 13.59.34] • Game will take advantage of the latest 3.7.2.1 features and bug fixes
[2020-03-08 13.59.42] ••• Starting game, recorded as file "User\Games\2020-03-08 13.59.42 [Online] @SalemZ, F3N1X, Varow.WAgame"
[2020-03-08 14.21.38] ••• Starting game, recorded as file "User\Games\2020-03-08 14.21.38 [Online Round 2] @SalemZ, F3N1X, Varow.WAgame"
[2020-03-08 14.33.15] ••• Starting game, recorded as file "User\Games\2020-03-08 14.33.15 [Online Round 3] @SalemZ, F3N1X, Varow.WAgame"
[2020-03-08 14.52.15] • Game will take advantage of the latest 3.7.2.1 features and bug fixes
[2020-03-08 14.52.19] ••• Starting game, recorded as file "User\Games\2020-03-08 14.52.19 [Online] @SalemZ, F3N1X, Varow.WAgame"
[2020-03-08 15.03.31] ••• Starting game, recorded as file "User\Games\2020-03-08 15.03.31 [Online Round 2] @SalemZ, F3N1X, Varow.WAgame"
[2020-03-08 15.17.53] ••• Player parted or was kicked: F3N1X
[2020-03-08 15.17.54] ••• Connection closed: 1, 2
[2020-03-08 15.17.54] ••• Player parted or was kicked: Varow
[2020-03-08 15.17.56] ••• Connection closed: 0, -1
[2020-03-08 15.17.56] ••• Connection closed: 1, -1
[2020-03-08 15.17.56] ••• Connection closed: 2, -1
[2020-03-08 15.17.56] ••• Connection closed: 3, -1
[2020-03-08 15.17.56] ••• Connection closed: 4, -1
[2020-03-08 15.17.56] ••• Connection closed: 5, -1
