[2020-01-10 22.02.26] ••• SalemZ is hosting a game on DirectIP named "SalemZ"
[2020-01-10 22.02.26] ••• Incoming connection on slot 0
[2020-01-10 22.02.26] ••• Incoming connection on slot 1
[2020-01-10 22.02.29] ••• Player joined: Varow
[2020-01-10 22.02.29] ••• Validated connection: 0, 1, Varow
[2020-01-10 22.02.31] ••• Incoming connection on slot 2
[2020-01-10 22.02.33] ••• Player joined: DOM
[2020-01-10 22.02.33] ••• Validated connection: 2, 2, DOM
[2020-01-10 22.02.38] ••• Player joined: Czarek
[2020-01-10 22.02.38] ••• Validated connection: 1, 3, Czarek
[2020-01-10 22.03.54] • Game will take advantage of the latest 3.7.2.1 features and bug fixes
[2020-01-10 22.03.56] ••• Starting game, recorded as file "User\Games\2020-01-10 22.03.56 [Online] @SalemZ, Varow, DOM, Czarek.WAgame"
[2020-01-10 22.34.47] ••• Starting game, recorded as file "User\Games\2020-01-10 22.34.47 [Online Round 2] @SalemZ, Varow, DOM, Czarek.WAgame"
[2020-01-10 22.54.57] ••• Connection closed: 2, 2
[2020-01-10 22.54.58] ••• Connection closed: 2, 2
[2020-01-10 22.58.26] ••• Player parted or was kicked: DOM
[2020-01-10 22.58.29] ••• Connection closed: 0, 1
[2020-01-10 22.58.29] ••• Connection closed: 1, 3
[2020-01-10 22.58.29] ••• Connection closed: 2, -1
[2020-01-10 22.58.29] ••• Connection closed: 3, -1
[2020-01-10 22.58.29] ••• Connection closed: 4, -1
[2020-01-10 22.58.29] ••• Connection closed: 5, -1
[2020-01-10 22.58.29] ••• Session ended
