[2020-06-02 19.51.13] ••• SalemZ is hosting a game on DirectIP named "SalemZ"
[2020-06-02 19.51.15] ••• Incoming connection on slot 0
[2020-06-02 19.51.15] ••• Player joined: sikor
[2020-06-02 19.51.15] ••• Validated connection: 0, 1, sikor
[2020-06-02 19.51.15] ••• Incoming connection on slot 1
[2020-06-02 19.51.16] ••• Player joined: F3N1X
[2020-06-02 19.51.16] ••• Validated connection: 1, 2, F3N1X
[2020-06-02 19.51.56] • Game will take advantage of the latest 3.7.2.1 features and bug fixes
[2020-06-02 19.51.57] [SalemZ] glhf
[2020-06-02 19.51.59] ••• Starting game, recorded as file "User\Games\2020-06-02 19.51.59 [Online] @SalemZ, sikor, F3N1X.WAgame"
[2020-06-02 20.11.30] ••• Starting game, recorded as file "User\Games\2020-06-02 20.11.30 [Online Round 2] @SalemZ, sikor, F3N1X.WAgame"
[2020-06-02 20.28.21] [SalemZ] dddwdwdw
[2020-06-02 20.28.23] [SalemZ] dwdwd
[2020-06-02 20.28.23] [SalemZ] w
[2020-06-02 20.28.23] [SalemZ] d
[2020-06-02 20.28.23] [SalemZ] w
[2020-06-02 20.28.23] [SalemZ] dw
[2020-06-02 20.28.24] [SalemZ] d
[2020-06-02 20.28.24] [SalemZ] w
[2020-06-02 20.28.34] ••• Connection closed: 0, 1
[2020-06-02 20.28.34] ••• Connection closed: 1, 2
[2020-06-02 20.28.34] ••• Connection closed: 2, -1
[2020-06-02 20.28.34] ••• Connection closed: 3, -1
[2020-06-02 20.28.34] ••• Connection closed: 4, -1
[2020-06-02 20.28.34] ••• Connection closed: 5, -1
[2020-06-02 20.28.34] ••• Session ended
