[2020-10-11 18.13.04] ••• SalemZ is hosting a game on DirectIP named "SalemZ"
[2020-10-11 18.13.05] ••• Incoming connection on slot 0
[2020-10-11 18.13.05] ••• Incoming connection on slot 1
[2020-10-11 18.13.05] ••• Player joined: sikor
[2020-10-11 18.13.05] ••• Validated connection: 1, 1, sikor
[2020-10-11 18.13.05] ••• Player joined: kitol
[2020-10-11 18.13.05] ••• Validated connection: 0, 2, kitol
[2020-10-11 18.13.06] ••• Connection closed: 1, 1
[2020-10-11 18.13.06] ••• Player parted or was kicked: sikor
[2020-10-11 18.13.15] ••• Incoming connection on slot 1
[2020-10-11 18.13.15] ••• Player joined: sikor
[2020-10-11 18.13.15] ••• Validated connection: 1, 1, sikor
[2020-10-11 18.13.39] • Game will take advantage of the latest 3.7.2.1 features and bug fixes
[2020-10-11 18.13.40] ••• Starting game, recorded as file "User\Games\2020-10-11 18.13.40 [Online] @SalemZ, sikor, kitol.WAgame"
[2020-10-11 18.34.13] ••• Starting game, recorded as file "User\Games\2020-10-11 18.34.13 [Online Round 2] @SalemZ, sikor, kitol.WAgame"
[2020-10-11 18.51.02] ••• Connection closed: 0, 2
[2020-10-11 18.51.02] ••• Player parted or was kicked: kitol
[2020-10-11 18.51.07] ••• Connection closed: 1, 1
[2020-10-11 18.51.07] ••• Player parted or was kicked: sikor
[2020-10-11 18.51.17] ••• Connection closed: 0, -1
[2020-10-11 18.51.17] ••• Connection closed: 1, -1
[2020-10-11 18.51.17] ••• Connection closed: 2, -1
[2020-10-11 18.51.17] ••• Connection closed: 3, -1
[2020-10-11 18.51.17] ••• Connection closed: 4, -1
[2020-10-11 18.51.17] ••• Connection closed: 5, -1
[2020-10-11 18.51.17] ••• Session ended
