[2020-09-23 19.30.50] ••• SalemZ is hosting a game on DirectIP named "SalemZ"
[2020-09-23 19.30.52] ••• Incoming connection on slot 0
[2020-09-23 19.30.52] ••• Player joined: sikor
[2020-09-23 19.30.52] ••• Validated connection: 0, 1, sikor
[2020-09-23 19.30.56] ••• Incoming connection on slot 1
[2020-09-23 19.30.56] ••• Player joined: F3N1X
[2020-09-23 19.30.56] ••• Validated connection: 1, 2, F3N1X
[2020-09-23 19.31.00] ••• Incoming connection on slot 2
[2020-09-23 19.31.01] ••• Player joined: Fatstyna
[2020-09-23 19.31.01] ••• Validated connection: 2, 3, Fatstyna
[2020-09-23 19.31.18] [sikor] Milfkaj _!
[2020-09-23 19.31.19] [sikor] +1
[2020-09-23 19.31.26] [F3N1X] oj tak tak
[2020-09-23 19.31.27] [sikor] ej Milfkaj 
[2020-09-23 19.31.34] [F3N1X] a puki jest niemrawy dzisiaj
[2020-09-23 19.31.39] [sikor] bo ja chcialem sie o cos zapytac
[2020-09-23 19.31.46] [F3N1X] alez prosz
[2020-09-23 19.31.46] [sikor] On jest dzisiaj kurwa
[2020-09-23 19.31.50] [sikor] Milfkaj
[2020-09-23 19.31.59] [F3N1X] ???
[2020-09-23 19.32.02] [sikor] wyspales sie dzisiaj?
[2020-09-23 19.32.04] [F3N1X] what
[2020-09-23 19.32.11] [F3N1X] tak
[2020-09-23 19.32.17] [SalemZ] milolaj spi na imprezie
[2020-09-23 19.32.17] [sikor] To swietnie
[2020-09-23 19.32.18] [SalemZ] frajer
[2020-09-23 19.32.19] [SalemZ] jebany
[2020-09-23 19.32.46] [F3N1X] milfweight minus
[2020-09-23 19.32.53] [SalemZ] milfbrain zero
[2020-09-23 19.32.57] [sikor] Bomb has been planted
[2020-09-23 19.33.06] [F3N1X] stara ukasza=milf
[2020-09-23 19.33.07] [sikor] ja dopiero dzisiaj
[2020-09-23 19.33.07] [SalemZ] twoja stara has been dead
[2020-09-23 19.33.18] [sikor] biedna moja stara
[2020-09-23 19.33.27] [SalemZ] RIwonaP
[2020-09-23 19.33.32] [sikor] Lukasz has been milfking
[2020-09-23 19.34.00] [SalemZ] Miflak has been gjoyed
[2020-09-23 19.34.03] [F3N1X] you milfked me so much
[2020-09-23 19.34.23] [sikor] If i milfked just don't wake up me
[2020-09-23 19.34.36] [SalemZ] milfk me up when september ends
[2020-09-23 19.34.38] [sikor]  2+2=6
[2020-09-23 19.34.47] [SalemZ] 2+2*2 = 8
[2020-09-23 19.34.53] [sikor] chyba Twoja stara
[2020-09-23 19.35.04] [SalemZ] twoja stara to stary mikolaja
[2020-09-23 19.35.09] [sikor] Tyle fragow dzisiaj miales
[2020-09-23 19.35.18] [SalemZ] a ty miales tyle co iq
[2020-09-23 19.35.23] [F3N1X] dziewczyna z milfpalkami
[2020-09-23 19.36.38] [sikor] ej Golebiolaj
[2020-09-23 19.38.08] • Game will take advantage of the latest 3.7.2.1 features and bug fixes
[2020-09-23 19.38.09] ••• Starting game, recorded as file "User\Games\2020-09-23 19.38.09 [Online] @SalemZ, sikor, F3N1X, Fatstyna.WAgame"
[2020-09-23 19.54.20] ••• Connection closed: 1, 2
[2020-09-23 19.54.21] ••• Connection closed: 1, 2
[2020-09-23 19.56.07] ••• Player parted or was kicked: F3N1X
[2020-09-23 19.57.19] [Fatstyna] czy mnie w ogole slychac
[2020-09-23 19.57.24] [Fatstyna] czy mnie ignorujecie xD
[2020-09-23 19.57.36] [Fatstyna] ......................
[2020-09-23 20.00.38] ••• Starting game, recorded as file "User\Games\2020-09-23 20.00.38 [Online Round 2] @SalemZ, sikor, Fatstyna.WAgame"
[2020-09-23 20.15.00] ••• Connection closed: 0, 1
[2020-09-23 20.15.00] ••• Connection closed: 1, -1
[2020-09-23 20.15.00] ••• Connection closed: 2, 3
[2020-09-23 20.15.00] ••• Connection closed: 3, -1
[2020-09-23 20.15.00] ••• Connection closed: 4, -1
[2020-09-23 20.15.00] ••• Connection closed: 5, -1
[2020-09-23 20.15.00] ••• Session ended
