[2020-02-17 19.40.15] ••• SalemZ is hosting a game on DirectIP named "SalemZ"
[2020-02-17 19.40.16] ••• Incoming connection on slot 0
[2020-02-17 19.40.17] ••• Incoming connection on slot 1
[2020-02-17 19.40.19] ••• Player joined: Varow
[2020-02-17 19.40.19] ••• Validated connection: 0, 1, Varow
[2020-02-17 19.40.23] ••• Player joined: F3N1X
[2020-02-17 19.40.23] ••• Validated connection: 1, 2, F3N1X
[2020-02-17 19.40.56] • Game will take advantage of the latest 3.7.2.1 features and bug fixes
[2020-02-17 19.40.59] ••• Starting game, recorded as file "User\Games\2020-02-17 19.40.59 [Online] @SalemZ, Varow, F3N1X.WAgame"
[2020-02-17 20.12.04] ••• Starting game, recorded as file "User\Games\2020-02-17 20.12.04 [Online Round 2] @SalemZ, Varow, F3N1X.WAgame"
[2020-02-17 20.36.21] ••• Starting game, recorded as file "User\Games\2020-02-17 20.36.21 [Online Round 3] @SalemZ, Varow, F3N1X.WAgame"
[2020-02-17 20.57.59] ••• Starting game, recorded as file "User\Games\2020-02-17 20.57.59 [Online Round 4] @SalemZ, Varow, F3N1X.WAgame"
[2020-02-17 21.13.21] ••• Connection closed: 0, 1
[2020-02-17 21.13.21] ••• Player parted or was kicked: Varow
[2020-02-17 21.13.28] ••• Connection closed: 0, -1
[2020-02-17 21.13.28] ••• Connection closed: 1, 2
[2020-02-17 21.13.28] ••• Connection closed: 2, -1
[2020-02-17 21.13.28] ••• Connection closed: 3, -1
[2020-02-17 21.13.28] ••• Connection closed: 4, -1
[2020-02-17 21.13.28] ••• Connection closed: 5, -1
[2020-02-17 21.13.28] ••• Session ended
