[2020-08-18 19.42.00] ••• SalemZ is hosting a game on DirectIP named "SalemZ"
[2020-08-18 19.42.01] ••• Incoming connection on slot 0
[2020-08-18 19.42.01] ••• Player joined: sikor
[2020-08-18 19.42.01] ••• Validated connection: 0, 1, sikor
[2020-08-18 19.42.04] ••• Incoming connection on slot 1
[2020-08-18 19.42.04] ••• Player joined: F3N1X
[2020-08-18 19.42.04] ••• Validated connection: 1, 2, F3N1X
[2020-08-18 19.43.14] • Game will take advantage of the latest 3.7.2.1 features and bug fixes
[2020-08-18 19.43.16] ••• Starting game, recorded as file "User\Games\2020-08-18 19.43.16 [Online] @SalemZ, sikor, F3N1X.WAgame"
[2020-08-18 20.02.53] ••• Starting game, recorded as file "User\Games\2020-08-18 20.02.53 [Online Round 2] @SalemZ, sikor, F3N1X.WAgame"
[2020-08-18 20.14.50] ••• Connection closed: 1, 2
[2020-08-18 20.14.51] ••• Connection closed: 1, 2
[2020-08-18 20.19.09] ••• Player parted or was kicked: F3N1X
[2020-08-18 20.19.11] ••• Connection closed: 0, 1
[2020-08-18 20.19.11] ••• Connection closed: 1, -1
[2020-08-18 20.19.11] ••• Connection closed: 2, -1
[2020-08-18 20.19.11] ••• Connection closed: 3, -1
[2020-08-18 20.19.11] ••• Connection closed: 4, -1
[2020-08-18 20.19.11] ••• Connection closed: 5, -1
[2020-08-18 20.19.11] ••• Session ended
