[2020-01-06 18.51.12] ••• SalemZ is hosting a game on DirectIP named "SalemZ"
[2020-01-06 18.51.12] ••• Incoming connection on slot 0
[2020-01-06 18.51.13] ••• Incoming connection on slot 1
[2020-01-06 18.51.14] ••• Player joined: DOM
[2020-01-06 18.51.14] ••• Validated connection: 0, 1, DOM
[2020-01-06 18.51.39] ••• Incoming connection on slot 2
[2020-01-06 18.51.41] ••• Player joined: Varow
[2020-01-06 18.51.41] ••• Validated connection: 2, 2, Varow
[2020-01-06 18.51.43] ••• Connection closed: 1, -1
[2020-01-06 18.52.25] ••• Incoming connection on slot 1
[2020-01-06 18.52.36] ••• Player joined: Czarek
[2020-01-06 18.52.36] ••• Validated connection: 1, 3, Czarek
[2020-01-06 18.53.12] • Game will take advantage of the latest 3.7.2.1 features and bug fixes
[2020-01-06 18.53.16] ••• Starting game, recorded as file "User\Games\2020-01-06 18.53.16 [Online] @SalemZ, DOM, Varow, Czarek.WAgame"
[2020-01-06 19.17.46] ••• Connection closed: 0, 1
[2020-01-06 19.17.47] ••• Connection closed: 0, 1
[2020-01-06 19.18.06] ••• Player parted or was kicked: DOM
[2020-01-06 19.18.19] ••• Connection closed: 0, -1
[2020-01-06 19.18.19] ••• Connection closed: 1, 3
[2020-01-06 19.18.19] ••• Connection closed: 2, 2
[2020-01-06 19.18.19] ••• Connection closed: 3, -1
[2020-01-06 19.18.19] ••• Connection closed: 4, -1
[2020-01-06 19.18.19] ••• Connection closed: 5, -1
