[2020-01-21 21.52.07] ••• SalemZ is hosting a game on DirectIP named "SalemZ"
[2020-01-21 21.52.07] ••• Incoming connection on slot 0
[2020-01-21 21.52.07] ••• Incoming connection on slot 1
[2020-01-21 21.52.07] ••• Incoming connection on slot 2
[2020-01-21 21.52.11] ••• Player joined: Varow
[2020-01-21 21.52.11] ••• Validated connection: 1, 1, Varow
[2020-01-21 21.52.22] ••• Player joined: DOM
[2020-01-21 21.52.22] ••• Validated connection: 0, 2, DOM
[2020-01-21 21.52.22] ••• Player joined: Czarek
[2020-01-21 21.52.22] ••• Validated connection: 2, 3, Czarek
[2020-01-21 21.53.23] • Game will take advantage of the latest 3.7.2.1 features and bug fixes
[2020-01-21 21.53.29] ••• Starting game, recorded as file "User\Games\2020-01-21 21.53.29 [Online] @SalemZ, Varow, DOM, Czarek.WAgame"
[2020-01-21 22.20.30] • Game will take advantage of the latest 3.7.2.1 features and bug fixes
[2020-01-21 22.20.32] ••• Starting game, recorded as file "User\Games\2020-01-21 22.20.32 [Online] @SalemZ, Varow, DOM, Czarek.WAgame"
[2020-01-21 22.57.09] ••• Player parted or was kicked: Varow
[2020-01-21 22.57.14] ••• Connection closed: 0, 2
[2020-01-21 22.57.14] ••• Connection closed: 1, -1
[2020-01-21 22.57.14] ••• Connection closed: 2, 3
[2020-01-21 22.57.14] ••• Connection closed: 3, -1
[2020-01-21 22.57.14] ••• Connection closed: 4, -1
[2020-01-21 22.57.14] ••• Connection closed: 5, -1
