[2020-08-03 21.14.47] ••• SalemZ is hosting a game on DirectIP named "SalemZ"
[2020-08-03 21.14.50] ••• Incoming connection on slot 0
[2020-08-03 21.14.50] ••• Player joined: F3N1X
[2020-08-03 21.14.50] ••• Validated connection: 0, 1, F3N1X
[2020-08-03 21.14.50] ••• Incoming connection on slot 1
[2020-08-03 21.14.50] ••• Player joined: Szymon
[2020-08-03 21.14.50] ••• Validated connection: 1, 2, Szymon
[2020-08-03 21.15.28] ••• Connection closed: 1, 2
[2020-08-03 21.15.28] ••• Player parted or was kicked: Szymon
[2020-08-03 21.15.35] • Game will take advantage of the latest 3.7.2.1 features and bug fixes
[2020-08-03 21.15.37] ••• Starting game, recorded as file "User\Games\2020-08-03 21.15.37 [Online] @SalemZ, F3N1X.WAgame"
[2020-08-03 21.24.37] ••• Connection closed: 0, 1
[2020-08-03 21.24.38] ••• Connection closed: 0, 1
[2020-08-03 21.24.42] ••• Connection closed: 0, 1
[2020-08-03 21.24.42] ••• Connection closed: 1, -1
[2020-08-03 21.24.42] ••• Connection closed: 2, -1
[2020-08-03 21.24.42] ••• Connection closed: 3, -1
[2020-08-03 21.24.42] ••• Connection closed: 4, -1
[2020-08-03 21.24.42] ••• Connection closed: 5, -1
[2020-08-03 21.24.42] ••• Session ended
