[2020-01-27 19.07.13] ••• SalemZ is hosting a game on DirectIP named "SalemZ"
[2020-01-27 19.07.13] ••• Incoming connection on slot 0
[2020-01-27 19.07.20] ••• Player joined: Varow
[2020-01-27 19.07.20] ••• Validated connection: 0, 1, Varow
[2020-01-27 19.07.41] • Game will take advantage of the latest 3.7.2.1 features and bug fixes
[2020-01-27 19.07.42] ••• Starting game, recorded as file "User\Games\2020-01-27 19.07.42 [Online] @SalemZ, Varow.WAgame"
[2020-01-27 19.31.19] ••• Starting game, recorded as file "User\Games\2020-01-27 19.31.19 [Online Round 2] @SalemZ, Varow.WAgame"
[2020-01-27 19.41.45] • Game will take advantage of the latest 3.7.2.1 features and bug fixes
[2020-01-27 19.41.48] ••• Starting game, recorded as file "User\Games\2020-01-27 19.41.48 [Online] @SalemZ, Varow.WAgame"
[2020-01-27 19.47.22] ••• Starting game, recorded as file "User\Games\2020-01-27 19.47.22 [Online Round 2] @SalemZ, Varow.WAgame"
[2020-01-27 20.00.34] ••• Connection closed: 0, 1
[2020-01-27 20.00.34] ••• Connection closed: 0, 1
[2020-01-27 20.00.48] ••• Player parted or was kicked: Varow
[2020-01-27 20.00.49] ••• Connection closed: 0, -1
[2020-01-27 20.00.49] ••• Connection closed: 1, -1
[2020-01-27 20.00.49] ••• Connection closed: 2, -1
[2020-01-27 20.00.49] ••• Connection closed: 3, -1
[2020-01-27 20.00.49] ••• Connection closed: 4, -1
[2020-01-27 20.00.49] ••• Connection closed: 5, -1
[2020-01-27 20.00.49] ••• Session ended
