[2020-06-09 19.35.04] ••• SalemZ is hosting a game on DirectIP named "SalemZ"
[2020-06-09 19.35.05] ••• Incoming connection on slot 0
[2020-06-09 19.35.05] ••• Incoming connection on slot 1
[2020-06-09 19.35.06] ••• Incoming connection on slot 2
[2020-06-09 19.35.07] ••• Player joined: sikor
[2020-06-09 19.35.07] ••• Validated connection: 0, 1, sikor
[2020-06-09 19.35.11] ••• Player joined: Varow
[2020-06-09 19.35.11] ••• Validated connection: 1, 2, Varow
[2020-06-09 19.35.16] ••• Player joined: F3N1X
[2020-06-09 19.35.16] ••• Validated connection: 2, 3, F3N1X
[2020-06-09 19.36.02] • Game will take advantage of the latest 3.7.2.1 features and bug fixes
[2020-06-09 19.36.12] ••• Starting game, recorded as file "User\Games\2020-06-09 19.36.12 [Online] @SalemZ, sikor, Varow, F3N1X.WAgame"
[2020-06-09 19.57.08] ••• Starting game, recorded as file "User\Games\2020-06-09 19.57.08 [Online Round 2] @SalemZ, sikor, Varow, F3N1X.WAgame"
[2020-06-09 20.14.20] ••• Connection closed: 1, 2
[2020-06-09 20.14.20] ••• Connection closed: 1, 2
[2020-06-09 20.17.28] ••• Player parted or was kicked: Varow
[2020-06-09 20.17.29] ••• Player parted or was kicked: sikor
[2020-06-09 20.17.30] ••• Connection closed: 0, -1
[2020-06-09 20.17.30] ••• Connection closed: 1, -1
[2020-06-09 20.17.30] ••• Connection closed: 2, 3
[2020-06-09 20.17.30] ••• Connection closed: 3, -1
[2020-06-09 20.17.30] ••• Connection closed: 4, -1
[2020-06-09 20.17.30] ••• Connection closed: 5, -1
