[2020-06-01 17.50.43] ••• SalemZ is hosting a game on DirectIP named "SalemZ"
[2020-06-01 17.50.44] ••• Incoming connection on slot 0
[2020-06-01 17.50.44] ••• Incoming connection on slot 1
[2020-06-01 17.50.47] ••• Player joined: sikor
[2020-06-01 17.50.47] ••• Validated connection: 0, 1, sikor
[2020-06-01 17.50.55] [sikor] >.<
[2020-06-01 17.51.02] ••• Player joined: F3N1X
[2020-06-01 17.51.02] ••• Validated connection: 1, 2, F3N1X
[2020-06-01 17.51.23] <sikor> Rozjebmy go
[2020-06-01 17.51.38] <sikor> Rozkurwmy mu fifloka
[2020-06-01 17.51.44] • Game will take advantage of the latest 3.7.2.1 features and bug fixes
[2020-06-01 17.51.48] ••• Starting game, recorded as file "User\Games\2020-06-01 17.51.48 [Online] @SalemZ, sikor, F3N1X.WAgame"
[2020-06-01 18.06.14] ••• Starting game, recorded as file "User\Games\2020-06-01 18.06.14 [Online Round 2] @SalemZ, sikor, F3N1X.WAgame"
[2020-06-01 18.28.28] ••• Starting game, recorded as file "User\Games\2020-06-01 18.28.28 [Online Round 3] @SalemZ, sikor, F3N1X.WAgame"
[2020-06-01 18.42.48] ••• Connection closed: 0, 1
[2020-06-01 18.42.48] ••• Connection closed: 1, 2
[2020-06-01 18.42.48] ••• Connection closed: 2, -1
[2020-06-01 18.42.48] ••• Connection closed: 3, -1
[2020-06-01 18.42.48] ••• Connection closed: 4, -1
[2020-06-01 18.42.48] ••• Connection closed: 5, -1
[2020-06-01 18.42.48] ••• Session ended
