[2020-02-04 21.13.55] ••• SalemZ is hosting a game on DirectIP named "SalemZ"
[2020-02-04 21.13.56] ••• Incoming connection on slot 0
[2020-02-04 21.13.57] ••• Incoming connection on slot 1
[2020-02-04 21.13.58] ••• Player joined: Varow
[2020-02-04 21.13.58] ••• Validated connection: 0, 1, Varow
[2020-02-04 21.14.00] ••• Player joined: DOM
[2020-02-04 21.14.00] ••• Validated connection: 1, 2, DOM
[2020-02-04 21.14.45] [Varow] \//\/\/\
[2020-02-04 21.14.47] • Game will take advantage of the latest 3.7.2.1 features and bug fixes
[2020-02-04 21.14.49] ••• Starting game, recorded as file "User\Games\2020-02-04 21.14.49 [Online] @SalemZ, Varow, DOM.WAgame"
[2020-02-04 21.31.56] ••• Starting game, recorded as file "User\Games\2020-02-04 21.31.56 [Online Round 2] @SalemZ, Varow, DOM.WAgame"
[2020-02-04 21.51.56] ••• Starting game, recorded as file "User\Games\2020-02-04 21.51.56 [Online Round 3] @SalemZ, Varow, DOM.WAgame"
[2020-02-04 22.08.04] • Game will take advantage of the latest 3.7.2.1 features and bug fixes
[2020-02-04 22.08.14] ••• Starting game, recorded as file "User\Games\2020-02-04 22.08.14 [Online] @SalemZ, Varow, DOM.WAgame"
[2020-02-04 22.30.30] ••• Starting game, recorded as file "User\Games\2020-02-04 22.30.30 [Online Round 2] @SalemZ, Varow, DOM.WAgame"
[2020-02-04 22.46.41] • Game will take advantage of the latest 3.7.2.1 features and bug fixes
[2020-02-04 22.46.48] ••• Starting game, recorded as file "User\Games\2020-02-04 22.46.48 [Online] @SalemZ, Varow, DOM.WAgame"
[2020-02-04 23.19.26] ••• Player parted or was kicked: Varow
[2020-02-04 23.19.37] ••• Player parted or was kicked: DOM
[2020-02-04 23.19.38] ••• Connection closed: 0, -1
[2020-02-04 23.19.38] ••• Connection closed: 1, -1
[2020-02-04 23.19.38] ••• Connection closed: 2, -1
[2020-02-04 23.19.38] ••• Connection closed: 3, -1
[2020-02-04 23.19.38] ••• Connection closed: 4, -1
[2020-02-04 23.19.38] ••• Connection closed: 5, -1
