[2020-01-23 22.46.57] ••• SalemZ is hosting a game on DirectIP named "GameRanger"
[2020-01-23 22.46.59] ••• Incoming connection on slot 0
[2020-01-23 22.46.59] ••• Player joined: Dejvid
[2020-01-23 22.46.59] ••• Validated connection: 0, 1, Dejvid
[2020-01-23 22.47.00] ••• Incoming connection on slot 1
[2020-01-23 22.47.00] ••• Player joined: Varow
[2020-01-23 22.47.00] ••• Validated connection: 1, 2, Varow
[2020-01-23 22.47.20] ••• Incoming connection on slot 2
[2020-01-23 22.47.20] ••• Player joined: DOM
[2020-01-23 22.47.20] ••• Validated connection: 2, 3, DOM
[2020-01-23 22.47.36] • Game will take advantage of the latest 3.7.2.1 features and bug fixes
[2020-01-23 22.47.38] ••• Starting game, recorded as file "User\Games\2020-01-23 22.47.38 [Online] @SalemZ, Dejvid, Varow, DOM.WAgame"
[2020-01-23 23.07.17] ••• Connection closed: 2, 3
[2020-01-23 23.07.17] ••• Connection closed: 2, 3
[2020-01-23 23.14.44] ••• Connection closed: 0, 1
[2020-01-23 23.14.44] ••• Connection closed: 0, 1
[2020-01-23 23.23.25] ••• Player parted or was kicked: DOM
[2020-01-23 23.23.26] ••• Player parted or was kicked: Dejvid
[2020-01-23 23.23.30] ••• Connection closed: 0, -1
[2020-01-23 23.23.30] ••• Connection closed: 1, 2
[2020-01-23 23.23.30] ••• Connection closed: 2, -1
[2020-01-23 23.23.30] ••• Connection closed: 3, -1
[2020-01-23 23.23.30] ••• Connection closed: 4, -1
[2020-01-23 23.23.30] ••• Connection closed: 5, -1
