[2020-02-07 21.02.16] ••• SalemZ is hosting a game on DirectIP named "SalemZ"
[2020-02-07 21.02.17] ••• Incoming connection on slot 0
[2020-02-07 21.02.21] ••• Player joined: F3N1X
[2020-02-07 21.02.21] ••• Validated connection: 0, 1, F3N1X
[2020-02-07 21.02.23] ••• Incoming connection on slot 1
[2020-02-07 21.02.26] ••• Player joined: Dejvid
[2020-02-07 21.02.26] ••• Validated connection: 1, 2, Dejvid
[2020-02-07 21.02.57] • Game will take advantage of the latest 3.7.2.1 features and bug fixes
[2020-02-07 21.03.00] ••• Starting game, recorded as file "User\Games\2020-02-07 21.03.00 [Online] @SalemZ, F3N1X, Dejvid.WAgame"
[2020-02-07 21.20.06] ••• Starting game, recorded as file "User\Games\2020-02-07 21.20.06 [Online Round 2] @SalemZ, F3N1X, Dejvid.WAgame"
[2020-02-07 21.42.07] ••• Connection closed: 0, 1
[2020-02-07 21.42.07] ••• Player parted or was kicked: F3N1X
[2020-02-07 21.42.08] ••• Connection closed: 1, 2
[2020-02-07 21.42.08] ••• Player parted or was kicked: Dejvid
[2020-02-07 21.42.11] ••• Connection closed: 0, -1
[2020-02-07 21.42.11] ••• Connection closed: 1, -1
[2020-02-07 21.42.11] ••• Connection closed: 2, -1
[2020-02-07 21.42.11] ••• Connection closed: 3, -1
[2020-02-07 21.42.11] ••• Connection closed: 4, -1
[2020-02-07 21.42.11] ••• Connection closed: 5, -1
[2020-02-07 21.42.11] ••• Session ended
