[2020-07-21 19.38.50] ••• SalemZ is hosting a game on DirectIP named "SalemZ"
[2020-07-21 19.38.52] ••• Incoming connection on slot 0
[2020-07-21 19.38.52] ••• Player joined: sikor
[2020-07-21 19.38.52] ••• Validated connection: 0, 1, sikor
[2020-07-21 19.38.54] ••• Incoming connection on slot 1
[2020-07-21 19.38.54] ••• Player joined: F3N1X
[2020-07-21 19.38.54] ••• Validated connection: 1, 2, F3N1X
[2020-07-21 19.39.39] [sikor] adssadfsd
[2020-07-21 19.39.42] • Game will take advantage of the latest 3.7.2.1 features and bug fixes
[2020-07-21 19.40.03] ••• Starting game, recorded as file "User\Games\2020-07-21 19.40.03 [Online] @SalemZ, sikor, F3N1X.WAgame"
[2020-07-21 19.57.09] [sikor] hghj
[2020-07-21 19.57.33] ••• Starting game, recorded as file "User\Games\2020-07-21 19.57.33 [Online Round 2] @SalemZ, sikor, F3N1X.WAgame"
[2020-07-21 20.14.01] ••• Starting game, recorded as file "User\Games\2020-07-21 20.14.01 [Online Round 3] @SalemZ, sikor, F3N1X.WAgame"
[2020-07-21 20.32.02] ••• Connection closed: 0, 1
[2020-07-21 20.32.02] ••• Player parted or was kicked: sikor
[2020-07-21 20.32.02] ••• Connection closed: 0, -1
[2020-07-21 20.32.02] ••• Connection closed: 1, 2
[2020-07-21 20.32.02] ••• Connection closed: 2, -1
[2020-07-21 20.32.02] ••• Connection closed: 3, -1
[2020-07-21 20.32.02] ••• Connection closed: 4, -1
[2020-07-21 20.32.02] ••• Connection closed: 5, -1
[2020-07-21 20.32.02] ••• Session ended
