[2020-01-28 18.44.59] ••• SalemZ is hosting a game on DirectIP named "SalemZ"
[2020-01-28 18.45.01] ••• Incoming connection on slot 0
[2020-01-28 18.45.05] ••• Player joined: Varow
[2020-01-28 18.45.05] ••• Validated connection: 0, 1, Varow
[2020-01-28 18.45.33] ••• Incoming connection on slot 1
[2020-01-28 18.45.36] ••• Player joined: DOM
[2020-01-28 18.45.36] ••• Validated connection: 1, 2, DOM
[2020-01-28 18.45.57] • Game will take advantage of the latest 3.7.2.1 features and bug fixes
[2020-01-28 18.46.01] ••• Starting game, recorded as file "User\Games\2020-01-28 18.46.01 [Online] @SalemZ, Varow, DOM.WAgame"
[2020-01-28 19.05.59] ••• Starting game, recorded as file "User\Games\2020-01-28 19.05.59 [Online Round 2] @SalemZ, Varow, DOM.WAgame"
[2020-01-28 19.28.41] ••• Starting game, recorded as file "User\Games\2020-01-28 19.28.41 [Online Round 3] @SalemZ, Varow, DOM.WAgame"
[2020-01-28 19.44.32] ••• Connection closed: 0, 1
[2020-01-28 19.44.32] ••• Connection closed: 0, 1
[2020-01-28 19.45.25] ••• Connection closed: 0, 1
[2020-01-28 19.45.25] ••• Connection closed: 1, 2
[2020-01-28 19.45.25] ••• Connection closed: 2, -1
[2020-01-28 19.45.25] ••• Connection closed: 3, -1
[2020-01-28 19.45.25] ••• Connection closed: 4, -1
[2020-01-28 19.45.25] ••• Connection closed: 5, -1
[2020-01-28 19.45.25] ••• Session ended
