[2020-10-07 19.56.49] ••• SalemZ is hosting a game on DirectIP named "SalemZ"
[2020-10-07 19.56.50] ••• Incoming connection on slot 0
[2020-10-07 19.56.50] ••• Player joined: sikor
[2020-10-07 19.56.50] ••• Validated connection: 0, 1, sikor
[2020-10-07 19.56.50] ••• Incoming connection on slot 1
[2020-10-07 19.56.50] ••• Player joined: kitol
[2020-10-07 19.56.50] ••• Validated connection: 1, 2, kitol
[2020-10-07 19.58.35] • Game will take advantage of the latest 3.7.2.1 features and bug fixes
[2020-10-07 19.58.37] ••• Starting game, recorded as file "User\Games\2020-10-07 19.58.37 [Online] @SalemZ, sikor, kitol.WAgame"
[2020-10-07 20.13.46] ••• Starting game, recorded as file "User\Games\2020-10-07 20.13.46 [Online Round 2] @SalemZ, sikor, kitol.WAgame"
[2020-10-07 20.35.23] • Game will take advantage of the latest 3.7.2.1 features and bug fixes
[2020-10-07 20.35.25] ••• Starting game, recorded as file "User\Games\2020-10-07 20.35.25 [Online] @SalemZ, sikor, kitol.WAgame"
[2020-10-07 20.51.47] ••• Connection closed: 0, 1
[2020-10-07 20.51.47] ••• Player parted or was kicked: sikor
[2020-10-07 20.51.48] ••• Connection closed: 0, -1
[2020-10-07 20.51.48] ••• Connection closed: 1, 2
[2020-10-07 20.51.48] ••• Connection closed: 2, -1
[2020-10-07 20.51.48] ••• Connection closed: 3, -1
[2020-10-07 20.51.48] ••• Connection closed: 4, -1
[2020-10-07 20.51.48] ••• Connection closed: 5, -1
[2020-10-07 20.51.48] ••• Session ended
