[2020-07-31 21.54.07] ••• SalemZ is hosting a game on DirectIP named "SalemZ"
[2020-07-31 21.54.07] ••• Incoming connection on slot 0
[2020-07-31 21.54.07] ••• Player joined: sikor
[2020-07-31 21.54.07] ••• Validated connection: 0, 1, sikor
[2020-07-31 21.54.07] ••• Incoming connection on slot 1
[2020-07-31 21.54.08] ••• Player joined: F3N1X
[2020-07-31 21.54.08] ••• Validated connection: 1, 2, F3N1X
[2020-07-31 21.54.51] • Game will take advantage of the latest 3.7.2.1 features and bug fixes
[2020-07-31 21.54.58] ••• Starting game, recorded as file "User\Games\2020-07-31 21.54.58 [Online] @SalemZ, sikor, F3N1X.WAgame"
[2020-07-31 22.08.52] ••• Starting game, recorded as file "User\Games\2020-07-31 22.08.52 [Online Round 2] @SalemZ, sikor, F3N1X.WAgame"
[2020-07-31 22.24.16] ••• Starting game, recorded as file "User\Games\2020-07-31 22.24.16 [Online Round 3] @SalemZ, sikor, F3N1X.WAgame"
[2020-07-31 22.40.40] ••• Connection closed: 0, 1
[2020-07-31 22.40.41] ••• Connection closed: 0, 1
[2020-07-31 22.41.27] ••• Player parted or was kicked: sikor
[2020-07-31 22.41.29] ••• Connection closed: 0, -1
[2020-07-31 22.41.29] ••• Connection closed: 1, 2
[2020-07-31 22.41.29] ••• Connection closed: 2, -1
[2020-07-31 22.41.29] ••• Connection closed: 3, -1
[2020-07-31 22.41.29] ••• Connection closed: 4, -1
[2020-07-31 22.41.29] ••• Connection closed: 5, -1
