[2020-06-02 20.29.16] ••• SalemZ is hosting a game on DirectIP named "SalemZ"
[2020-06-02 20.29.16] ••• Incoming connection on slot 0
[2020-06-02 20.29.16] ••• Incoming connection on slot 1
[2020-06-02 20.29.18] ••• Player joined: sikor
[2020-06-02 20.29.18] ••• Validated connection: 0, 1, sikor
[2020-06-02 20.29.20] ••• Connection closed: 1, -1
[2020-06-02 20.29.29] ••• Incoming connection on slot 1
[2020-06-02 20.29.31] ••• Player joined: F3N1X
[2020-06-02 20.29.31] ••• Validated connection: 1, 2, F3N1X
[2020-06-02 20.29.46] • Game will take advantage of the latest 3.7.2.1 features and bug fixes
[2020-06-02 20.29.48] ••• Starting game, recorded as file "User\Games\2020-06-02 20.29.48 [Online] @SalemZ, sikor, F3N1X.WAgame"
[2020-06-02 20.44.36] ••• Connection closed: 1, 2
[2020-06-02 20.44.36] ••• Player parted or was kicked: F3N1X
[2020-06-02 20.44.38] ••• Connection closed: 0, 1
[2020-06-02 20.44.38] ••• Connection closed: 1, -1
[2020-06-02 20.44.38] ••• Connection closed: 2, -1
[2020-06-02 20.44.38] ••• Connection closed: 3, -1
[2020-06-02 20.44.38] ••• Connection closed: 4, -1
[2020-06-02 20.44.38] ••• Connection closed: 5, -1
[2020-06-02 20.44.38] ••• Session ended
