[2020-10-08 17.55.09] ••• SalemZ is hosting a game on DirectIP named "SalemZ"
[2020-10-08 17.55.09] ••• Incoming connection on slot 0
[2020-10-08 17.55.09] ••• Player joined: sikor
[2020-10-08 17.55.09] ••• Validated connection: 0, 1, sikor
[2020-10-08 17.55.10] ••• Incoming connection on slot 1
[2020-10-08 17.55.10] ••• Player joined: kitol
[2020-10-08 17.55.10] ••• Validated connection: 1, 2, kitol
[2020-10-08 17.55.18] [sikor] Ej Arek 
[2020-10-08 17.55.33] [sikor] robimy sojusz
[2020-10-08 17.55.53] [kitol] True
[2020-10-08 17.55.57] • Game will take advantage of the latest 3.7.2.1 features and bug fixes
[2020-10-08 17.55.59] ••• Starting game, recorded as file "User\Games\2020-10-08 17.55.59 [Online] @SalemZ, sikor, kitol.WAgame"
[2020-10-08 18.17.56] ••• Starting game, recorded as file "User\Games\2020-10-08 18.17.56 [Online Round 2] @SalemZ, sikor, kitol.WAgame"
[2020-10-08 18.31.24] [SalemZ] k/m?
[2020-10-08 18.31.31] [kitol] 50
[2020-10-08 18.31.36] ••• Starting game, recorded as file "User\Games\2020-10-08 18.31.36 [Online Round 3] @SalemZ, sikor, kitol.WAgame"
[2020-10-08 18.36.08] ••• Connection closed: 1, 2
[2020-10-08 18.36.09] ••• Connection closed: 1, 2
[2020-10-08 18.36.43] ••• Connection closed: 0, 1
[2020-10-08 18.36.43] ••• Connection closed: 0, 1
[2020-10-08 18.36.51] ••• Player parted or was kicked: kitol
[2020-10-08 18.36.51] ••• Player parted or was kicked: sikor
[2020-10-08 18.36.52] ••• Connection closed: 0, -1
[2020-10-08 18.36.52] ••• Connection closed: 1, -1
[2020-10-08 18.36.52] ••• Connection closed: 2, -1
[2020-10-08 18.36.52] ••• Connection closed: 3, -1
[2020-10-08 18.36.52] ••• Connection closed: 4, -1
[2020-10-08 18.36.52] ••• Connection closed: 5, -1
[2020-10-08 18.36.52] ••• Session ended
