[2020-06-01 11.04.51] ••• SalemZ is hosting a game on DirectIP named "SalemZ"
[2020-06-01 11.04.52] ••• Incoming connection on slot 0
[2020-06-01 11.04.52] ••• Player joined: F3N1X
[2020-06-01 11.04.52] ••• Validated connection: 0, 1, F3N1X
[2020-06-01 11.04.58] ••• Incoming connection on slot 1
[2020-06-01 11.04.58] ••• Player joined: sikor
[2020-06-01 11.04.58] ••• Validated connection: 1, 2, sikor
[2020-06-01 11.05.04] [sikor] pizdunie
[2020-06-01 11.05.47] • Game will take advantage of the latest 3.7.2.1 features and bug fixes
[2020-06-01 11.05.51] ••• Starting game, recorded as file "User\Games\2020-06-01 11.05.51 [Online] @SalemZ, F3N1X, sikor.WAgame"
[2020-06-01 11.24.37] ••• Starting game, recorded as file "User\Games\2020-06-01 11.24.37 [Online Round 2] @SalemZ, F3N1X, sikor.WAgame"
[2020-06-01 11.40.52] ••• Starting game, recorded as file "User\Games\2020-06-01 11.40.52 [Online Round 3] @SalemZ, F3N1X, sikor.WAgame"
[2020-06-01 11.57.21] ••• Connection closed: 1, 2
[2020-06-01 11.57.21] ••• Player parted or was kicked: sikor
[2020-06-01 11.57.22] ••• Connection closed: 0, 1
[2020-06-01 11.57.22] ••• Player parted or was kicked: F3N1X
[2020-06-01 11.57.22] ••• Connection closed: 0, -1
[2020-06-01 11.57.22] ••• Connection closed: 1, -1
[2020-06-01 11.57.22] ••• Connection closed: 2, -1
[2020-06-01 11.57.22] ••• Connection closed: 3, -1
[2020-06-01 11.57.22] ••• Connection closed: 4, -1
[2020-06-01 11.57.22] ••• Connection closed: 5, -1
[2020-06-01 11.57.22] ••• Session ended
