[2021-02-26 23.07.09] ••• SalemZ is hosting a game on DirectIP named "SalemZ"
[2021-02-26 23.07.09] ••• Incoming connection on slot 0
[2021-02-26 23.07.10] ••• Player joined: sikor
[2021-02-26 23.07.10] ••• Validated connection: 0, 1, sikor
[2021-02-26 23.07.10] ••• Incoming connection on slot 1
[2021-02-26 23.07.10] ••• Player joined: F3N1X
[2021-02-26 23.07.10] ••• Validated connection: 1, 2, F3N1X
[2021-02-26 23.07.10] ••• Incoming connection on slot 2
[2021-02-26 23.07.11] ••• Player joined: kamil
[2021-02-26 23.07.11] ••• Validated connection: 2, 3, kamil
[2021-02-26 23.09.26] • Game will take advantage of the latest 3.7.2.1 features and bug fixes
[2021-02-26 23.09.28] ••• Starting game, recorded as file "User\Games\2021-02-26 23.09.28 [Online] @SalemZ, sikor, F3N1X, kamil.WAgame"
[2021-02-26 23.27.00] ••• Starting game, recorded as file "User\Games\2021-02-26 23.27.00 [Online Round 2] @SalemZ, sikor, F3N1X, kamil.WAgame"
[2021-02-26 23.48.32] ••• Player parted or was kicked: kamil
[2021-02-26 23.48.38] ••• Player parted or was kicked: sikor
[2021-02-26 23.48.41] ••• Connection closed: 0, -1
[2021-02-26 23.48.41] ••• Connection closed: 1, 2
[2021-02-26 23.48.41] ••• Connection closed: 2, -1
[2021-02-26 23.48.41] ••• Connection closed: 3, -1
[2021-02-26 23.48.41] ••• Connection closed: 4, -1
[2021-02-26 23.48.41] ••• Connection closed: 5, -1
