[2021-02-24 20.46.45] ••• SalemZ is hosting a game on DirectIP named "SalemZ"
[2021-02-24 20.46.46] ••• Incoming connection on slot 0
[2021-02-24 20.46.46] ••• Player joined: sikor
[2021-02-24 20.46.46] ••• Validated connection: 0, 1, sikor
[2021-02-24 20.46.50] ••• Incoming connection on slot 1
[2021-02-24 20.46.50] ••• Player joined: Matt
[2021-02-24 20.46.50] ••• Validated connection: 1, 2, Matt
[2021-02-24 20.47.28] • Game will take advantage of the latest 3.7.2.1 features and bug fixes
[2021-02-24 20.47.35] [Matt] qpa
[2021-02-24 20.47.41] [Matt] oj tak tak qpq +1
[2021-02-24 20.47.46] [sikor] 8=>
[2021-02-24 20.47.52] [sikor] ( . Y . )
[2021-02-24 20.47.56] [sikor] 8====>
[2021-02-24 20.47.57] [Matt] XD
[2021-02-24 20.47.59] [sikor] XD
[2021-02-24 20.48.05] ••• Starting game, recorded as file "User\Games\2021-02-24 20.48.05 [Online] @SalemZ, sikor, Matt.WAgame"
[2021-02-24 21.02.58] ••• Starting game, recorded as file "User\Games\2021-02-24 21.02.58 [Online Round 2] @SalemZ, sikor, Matt.WAgame"
[2021-02-24 21.20.24] ••• Starting game, recorded as file "User\Games\2021-02-24 21.20.24 [Online Round 3] @SalemZ, sikor, Matt.WAgame"
[2021-02-24 21.38.03] ••• Connection closed: 1, 2
[2021-02-24 21.38.03] ••• Player parted or was kicked: Matt
[2021-02-24 21.38.05] ••• Connection closed: 0, 1
[2021-02-24 21.38.05] ••• Player parted or was kicked: sikor
[2021-02-24 21.38.06] ••• Connection closed: 0, -1
[2021-02-24 21.38.06] ••• Connection closed: 1, -1
[2021-02-24 21.38.06] ••• Connection closed: 2, -1
[2021-02-24 21.38.06] ••• Connection closed: 3, -1
[2021-02-24 21.38.06] ••• Connection closed: 4, -1
[2021-02-24 21.38.06] ••• Connection closed: 5, -1
[2021-02-24 21.38.06] ••• Session ended
