[2021-03-03 21.46.46] ••• SalemZ is hosting a game on DirectIP named "SalemZ"
[2021-03-03 21.46.46] ••• Incoming connection on slot 0
[2021-03-03 21.46.46] ••• Player joined: Matt
[2021-03-03 21.46.46] ••• Validated connection: 0, 1, Matt
[2021-03-03 21.46.57] ••• Incoming connection on slot 1
[2021-03-03 21.46.57] ••• Player joined: sikor
[2021-03-03 21.46.57] ••• Validated connection: 1, 2, sikor
[2021-03-03 21.46.59] ••• Incoming connection on slot 2
[2021-03-03 21.46.59] ••• Player joined: kamil
[2021-03-03 21.46.59] ••• Validated connection: 2, 3, kamil
[2021-03-03 21.47.06] [sikor] siusiaczki 
[2021-03-03 21.47.38] ••• Connection closed: 2, 3
[2021-03-03 21.47.38] ••• Player parted or was kicked: kamil
[2021-03-03 21.47.44] ••• Incoming connection on slot 2
[2021-03-03 21.47.45] ••• Player joined: kamil
[2021-03-03 21.47.45] ••• Validated connection: 2, 3, kamil
[2021-03-03 21.48.19] • Game will take advantage of the latest 3.7.2.1 features and bug fixes
[2021-03-03 21.48.22] ••• Starting game, recorded as file "User\Games\2021-03-03 21.48.22 [Online] @SalemZ, Matt, sikor, kamil.WAgame"
[2021-03-03 21.56.01] ••• Connection closed: 2, 3
[2021-03-03 21.56.02] ••• Connection closed: 2, 3
[2021-03-03 21.57.21] ••• Connection closed: 0, 1
[2021-03-03 21.57.21] ••• Connection closed: 1, 2
[2021-03-03 21.57.21] ••• Connection closed: 2, 3
[2021-03-03 21.57.21] ••• Connection closed: 3, -1
[2021-03-03 21.57.21] ••• Connection closed: 4, -1
[2021-03-03 21.57.21] ••• Connection closed: 5, -1
[2021-03-03 21.57.21] ••• Session ended
