[2021-03-02 22.11.16] ••• SalemZ is hosting a game on DirectIP named "SalemZ"
[2021-03-02 22.11.16] ••• Incoming connection on slot 0
[2021-03-02 22.11.16] ••• Incoming connection on slot 1
[2021-03-02 22.11.16] ••• Player joined: sikor
[2021-03-02 22.11.16] ••• Validated connection: 0, 1, sikor
[2021-03-02 22.11.16] ••• Player joined: F3N1X
[2021-03-02 22.11.16] ••• Validated connection: 1, 2, F3N1X
[2021-03-02 22.11.17] ••• Incoming connection on slot 2
[2021-03-02 22.11.17] ••• Player joined: Matt
[2021-03-02 22.11.17] ••• Validated connection: 2, 3, Matt
[2021-03-02 22.11.23] [sikor] Ostre jebanko 
[2021-03-02 22.12.14] • Game will take advantage of the latest 3.7.2.1 features and bug fixes
[2021-03-02 22.12.15] ••• Starting game, recorded as file "User\Games\2021-03-02 22.12.15 [Online] @SalemZ, sikor, F3N1X, Matt.WAgame"
[2021-03-02 22.32.23] ••• Starting game, recorded as file "User\Games\2021-03-02 22.32.23 [Online Round 2] @SalemZ, sikor, F3N1X, Matt.WAgame"
[2021-03-02 22.48.59] ••• Player parted or was kicked: F3N1X
[2021-03-02 22.48.59] ••• Player parted or was kicked: sikor
[2021-03-02 22.49.02] ••• Connection closed: 0, -1
[2021-03-02 22.49.02] ••• Connection closed: 1, -1
[2021-03-02 22.49.02] ••• Connection closed: 2, 3
[2021-03-02 22.49.02] ••• Connection closed: 3, -1
[2021-03-02 22.49.02] ••• Connection closed: 4, -1
[2021-03-02 22.49.02] ••• Connection closed: 5, -1
