[2021-01-11 18.34.17] ••• SalemZ is hosting a game on DirectIP named "SalemZ"
[2021-01-11 18.34.21] ••• Incoming connection on slot 0
[2021-01-11 18.34.21] ••• Player joined: Lenovo
[2021-01-11 18.34.21] ••• Validated connection: 0, 1, Lenovo
[2021-01-11 18.34.45] • Game will take advantage of the latest 3.7.2.1 features and bug fixes
[2021-01-11 18.34.48] ••• Starting game, recorded as file "User\Games\2021-01-11 18.34.48 [Online] @SalemZ, Lenovo.WAgame"
[2021-01-11 18.44.54] ••• Starting game, recorded as file "User\Games\2021-01-11 18.44.54 [Online Round 2] @SalemZ, Lenovo.WAgame"
[2021-01-11 18.56.33] • Game will take advantage of the latest 3.7.2.1 features and bug fixes
[2021-01-11 18.56.35] ••• Starting game, recorded as file "User\Games\2021-01-11 18.56.35 [Online] @SalemZ, Lenovo.WAgame"
[2021-01-11 19.09.13] ••• Starting game, recorded as file "User\Games\2021-01-11 19.09.13 [Online Round 2] @SalemZ, Lenovo.WAgame"
[2021-01-11 19.22.25] • Game will take advantage of the latest 3.7.2.1 features and bug fixes
[2021-01-11 19.22.27] ••• Starting game, recorded as file "User\Games\2021-01-11 19.22.27 [Online] @SalemZ, Lenovo.WAgame"
[2021-01-11 19.35.08] ••• Starting game, recorded as file "User\Games\2021-01-11 19.35.08 [Online Round 2] @SalemZ, Lenovo.WAgame"
[2021-01-11 19.43.20] ••• Connection closed: 0, 1
[2021-01-11 19.43.20] ••• Connection closed: 1, -1
[2021-01-11 19.43.20] ••• Connection closed: 2, -1
[2021-01-11 19.43.20] ••• Connection closed: 3, -1
[2021-01-11 19.43.20] ••• Connection closed: 4, -1
[2021-01-11 19.43.20] ••• Connection closed: 5, -1
[2021-01-11 19.43.20] ••• Session ended
