[2021-03-03 21.57.31] ••• SalemZ is hosting a game on DirectIP named "SalemZ"
[2021-03-03 21.57.31] ••• Incoming connection on slot 0
[2021-03-03 21.57.31] ••• Player joined: sikor
[2021-03-03 21.57.31] ••• Validated connection: 0, 1, sikor
[2021-03-03 21.57.31] ••• Incoming connection on slot 1
[2021-03-03 21.57.32] ••• Player joined: kamil
[2021-03-03 21.57.32] ••• Validated connection: 1, 2, kamil
[2021-03-03 21.57.32] ••• Incoming connection on slot 2
[2021-03-03 21.57.32] ••• Player joined: Matt
[2021-03-03 21.57.32] ••• Validated connection: 2, 3, Matt
[2021-03-03 21.58.19] • Game will take advantage of the latest 3.7.2.1 features and bug fixes
[2021-03-03 21.58.23] ••• Starting game, recorded as file "User\Games\2021-03-03 21.58.23 [Online] @SalemZ, sikor, kamil, Matt.WAgame"
[2021-03-03 22.26.35] ••• Starting game, recorded as file "User\Games\2021-03-03 22.26.35 [Online Round 2] @SalemZ, sikor, kamil, Matt.WAgame"
[2021-03-03 22.47.51] ••• Player parted or was kicked: kamil
[2021-03-03 22.47.52] ••• Player parted or was kicked: sikor
[2021-03-03 22.47.53] ••• Connection closed: 0, -1
[2021-03-03 22.47.53] ••• Connection closed: 1, -1
[2021-03-03 22.47.53] ••• Connection closed: 2, 3
[2021-03-03 22.47.53] ••• Connection closed: 3, -1
[2021-03-03 22.47.53] ••• Connection closed: 4, -1
[2021-03-03 22.47.53] ••• Connection closed: 5, -1
