[2021-03-08 22.25.55] ••• SalemZ is hosting a game on DirectIP named "SalemZ"
[2021-03-08 22.25.57] ••• Incoming connection on slot 0
[2021-03-08 22.25.57] ••• Player joined: sikor
[2021-03-08 22.25.57] ••• Validated connection: 0, 1, sikor
[2021-03-08 22.26.04] ••• Incoming connection on slot 1
[2021-03-08 22.26.05] ••• Player joined: F3N1X
[2021-03-08 22.26.05] ••• Validated connection: 1, 2, F3N1X
[2021-03-08 22.26.09] ••• Connection closed: 0, 1
[2021-03-08 22.26.09] ••• Player parted or was kicked: sikor
[2021-03-08 22.26.15] ••• Incoming connection on slot 0
[2021-03-08 22.26.15] ••• Player joined: sikor
[2021-03-08 22.26.15] ••• Validated connection: 0, 1, sikor
[2021-03-08 22.26.55] • Game will take advantage of the latest 3.7.2.1 features and bug fixes
[2021-03-08 22.26.59] ••• Starting game, recorded as file "User\Games\2021-03-08 22.26.59 [Online] @SalemZ, sikor, F3N1X.WAgame"
[2021-03-08 22.45.55] ••• Starting game, recorded as file "User\Games\2021-03-08 22.45.55 [Online Round 2] @SalemZ, sikor, F3N1X.WAgame"
[2021-03-08 23.02.01] ••• Starting game, recorded as file "User\Games\2021-03-08 23.02.01 [Online Round 3] @SalemZ, sikor, F3N1X.WAgame"
[2021-03-08 23.21.30] ••• Player parted or was kicked: sikor
[2021-03-08 23.21.32] ••• Connection closed: 0, -1
[2021-03-08 23.21.32] ••• Connection closed: 1, 2
[2021-03-08 23.21.32] ••• Connection closed: 2, -1
[2021-03-08 23.21.32] ••• Connection closed: 3, -1
[2021-03-08 23.21.32] ••• Connection closed: 4, -1
[2021-03-08 23.21.32] ••• Connection closed: 5, -1
