[2021-02-13 21.30.04] ••• SalemZ is hosting a game on DirectIP named "SalemZ"
[2021-02-13 21.30.04] ••• Incoming connection on slot 0
[2021-02-13 21.30.04] ••• Player joined: sikor
[2021-02-13 21.30.04] ••• Validated connection: 0, 1, sikor
[2021-02-13 21.30.08] ••• Incoming connection on slot 1
[2021-02-13 21.30.08] ••• Player joined: F3N1X
[2021-02-13 21.30.08] ••• Validated connection: 1, 2, F3N1X
[2021-02-13 21.30.10] ••• Incoming connection on slot 2
[2021-02-13 21.30.11] ••• Player joined: Matt
[2021-02-13 21.30.11] ••• Validated connection: 2, 3, Matt
[2021-02-13 21.30.28] • Game will take advantage of the latest 3.7.2.1 features and bug fixes
[2021-02-13 21.30.30] ••• Starting game, recorded as file "User\Games\2021-02-13 21.30.30 [Online] @SalemZ, sikor, F3N1X, Matt.WAgame"
[2021-02-13 21.49.47] [Matt] smiec
[2021-02-13 21.49.54] ••• Starting game, recorded as file "User\Games\2021-02-13 21.49.54 [Online Round 2] @SalemZ, sikor, F3N1X, Matt.WAgame"
[2021-02-13 22.08.49] • Game will take advantage of the latest 3.7.2.1 features and bug fixes
[2021-02-13 22.08.52] ••• Starting game, recorded as file "User\Games\2021-02-13 22.08.52 [Online] @SalemZ, sikor, F3N1X, Matt.WAgame"
[2021-02-13 22.28.39] ••• Starting game, recorded as file "User\Games\2021-02-13 22.28.39 [Online Round 2] @SalemZ, sikor, F3N1X, Matt.WAgame"
[2021-02-13 22.50.57] ••• Player parted or was kicked: sikor
[2021-02-13 22.50.59] ••• Connection closed: 1, 2
[2021-02-13 22.50.59] ••• Player parted or was kicked: F3N1X
[2021-02-13 22.51.01] ••• Connection closed: 0, -1
[2021-02-13 22.51.01] ••• Connection closed: 1, -1
[2021-02-13 22.51.01] ••• Connection closed: 2, 3
[2021-02-13 22.51.01] ••• Connection closed: 3, -1
[2021-02-13 22.51.01] ••• Connection closed: 4, -1
[2021-02-13 22.51.01] ••• Connection closed: 5, -1
