[2021-02-11 13.45.01] ••• SalemZ is hosting a game on DirectIP named "SalemZ"
[2021-02-11 13.45.02] ••• Incoming connection on slot 0
[2021-02-11 13.45.02] ••• Player joined: sikor
[2021-02-11 13.45.02] ••• Validated connection: 0, 1, sikor
[2021-02-11 13.45.05] ••• Incoming connection on slot 1
[2021-02-11 13.45.06] ••• Player joined: F3N1X
[2021-02-11 13.45.06] ••• Validated connection: 1, 2, F3N1X
[2021-02-11 13.45.59] • Game will take advantage of the latest 3.7.2.1 features and bug fixes
[2021-02-11 13.46.05] ••• Starting game, recorded as file "User\Games\2021-02-11 13.46.05 [Online] @SalemZ, sikor, F3N1X.WAgame"
[2021-02-11 14.07.59] ••• Starting game, recorded as file "User\Games\2021-02-11 14.07.59 [Online Round 2] @SalemZ, sikor, F3N1X.WAgame"
[2021-02-11 14.25.04] ••• Connection closed: 1, 2
[2021-02-11 14.25.04] ••• Player parted or was kicked: F3N1X
[2021-02-11 14.25.10] ••• Connection closed: 0, 1
[2021-02-11 14.25.10] ••• Player parted or was kicked: sikor
[2021-02-11 14.25.10] ••• Connection closed: 0, -1
[2021-02-11 14.25.10] ••• Connection closed: 1, -1
[2021-02-11 14.25.10] ••• Connection closed: 2, -1
[2021-02-11 14.25.10] ••• Connection closed: 3, -1
[2021-02-11 14.25.10] ••• Connection closed: 4, -1
[2021-02-11 14.25.10] ••• Connection closed: 5, -1
[2021-02-11 14.25.10] ••• Session ended
