[2021-02-22 21.27.47] ••• SalemZ is hosting a game on DirectIP named "SalemZ"
[2021-02-22 21.27.49] ••• Incoming connection on slot 0
[2021-02-22 21.27.49] ••• Player joined: sikor
[2021-02-22 21.27.49] ••• Validated connection: 0, 1, sikor
[2021-02-22 21.27.50] ••• Incoming connection on slot 1
[2021-02-22 21.27.50] ••• Player joined: kitol
[2021-02-22 21.27.50] ••• Validated connection: 1, 2, kitol
[2021-02-22 21.27.51] ••• Incoming connection on slot 2
[2021-02-22 21.27.51] ••• Player joined: Matt
[2021-02-22 21.27.51] ••• Validated connection: 2, 3, Matt
[2021-02-22 21.28.39] • Game will take advantage of the latest 3.7.2.1 features and bug fixes
[2021-02-22 21.28.43] ••• Starting game, recorded as file "User\Games\2021-02-22 21.28.43 [Online] @SalemZ, sikor, kitol, Matt.WAgame"
[2021-02-22 21.54.54] • Game will take advantage of the latest 3.7.2.1 features and bug fixes
[2021-02-22 21.54.56] ••• Starting game, recorded as file "User\Games\2021-02-22 21.54.56 [Online] @SalemZ, sikor, kitol, Matt.WAgame"
[2021-02-22 22.14.57] ••• Player parted or was kicked: kitol
[2021-02-22 22.14.57] ••• Player parted or was kicked: Matt
[2021-02-22 22.14.57] ••• Player parted or was kicked: sikor
[2021-02-22 22.15.16] ••• Connection closed: 0, -1
[2021-02-22 22.15.16] ••• Connection closed: 1, -1
[2021-02-22 22.15.16] ••• Connection closed: 2, -1
[2021-02-22 22.15.16] ••• Connection closed: 3, -1
[2021-02-22 22.15.16] ••• Connection closed: 4, -1
[2021-02-22 22.15.16] ••• Connection closed: 5, -1
