[2021-03-03 21.32.16] ••• SalemZ is hosting a game on DirectIP named "SalemZ"
[2021-03-03 21.32.18] ••• Incoming connection on slot 0
[2021-03-03 21.32.18] ••• Player joined: sikor
[2021-03-03 21.32.18] ••• Validated connection: 0, 1, sikor
[2021-03-03 21.32.18] ••• Incoming connection on slot 1
[2021-03-03 21.32.18] ••• Player joined: kamil
[2021-03-03 21.32.18] ••• Validated connection: 1, 2, kamil
[2021-03-03 21.32.19] ••• Incoming connection on slot 2
[2021-03-03 21.32.19] ••• Player joined: Matt
[2021-03-03 21.32.19] ••• Validated connection: 2, 3, Matt
[2021-03-03 21.32.40] [sikor] chujaski
[2021-03-03 21.32.56] [Matt] pur pur
[2021-03-03 21.33.04] [sikor] <3
[2021-03-03 21.33.07] [SalemZ] PURPUR
[2021-03-03 21.33.14] [Matt] PUUURPUUUR
[2021-03-03 21.33.28] [Matt] nigga
[2021-03-03 21.33.29] [Matt] say 
[2021-03-03 21.33.32] [Matt] whaaaaat
[2021-03-03 21.33.42] • Game will take advantage of the latest 3.7.2.1 features and bug fixes
[2021-03-03 21.33.47] ••• Starting game, recorded as file "User\Games\2021-03-03 21.33.47 [Online] @SalemZ, sikor, kamil, Matt.WAgame"
[2021-03-03 21.45.56] ••• Player parted or was kicked: kamil
[2021-03-03 21.46.07] <Matt> nup
[2021-03-03 21.46.27] ••• Connection closed: 2, 3
[2021-03-03 21.46.27] ••• Connection closed: 1, -1
[2021-03-03 21.46.27] ••• Connection closed: 0, 1
