[2021-02-23 20.35.09] ••• SalemZ is hosting a game on DirectIP named "SalemZ"
[2021-02-23 20.35.09] ••• Incoming connection on slot 0
[2021-02-23 20.35.09] ••• Player joined: 48518
[2021-02-23 20.35.09] ••• Validated connection: 0, 1, 48518
[2021-02-23 20.35.09] ••• Incoming connection on slot 1
[2021-02-23 20.35.09] ••• Player joined: sikor
[2021-02-23 20.35.09] ••• Validated connection: 1, 2, sikor
[2021-02-23 20.35.10] ••• Incoming connection on slot 2
[2021-02-23 20.35.10] ••• Player joined: Matt
[2021-02-23 20.35.10] ••• Validated connection: 2, 3, Matt
[2021-02-23 20.38.50] • Game will take advantage of the latest 3.7.2.1 features and bug fixes
[2021-02-23 20.38.54] ••• Starting game, recorded as file "User\Games\2021-02-23 20.38.54 [Online] @SalemZ, 48518, sikor, Matt.WAgame"
[2021-02-23 20.58.03] ••• Starting game, recorded as file "User\Games\2021-02-23 20.58.03 [Online Round 2] @SalemZ, 48518, sikor, Matt.WAgame"
[2021-02-23 21.21.05] ••• Starting game, recorded as file "User\Games\2021-02-23 21.21.05 [Online Round 3] @SalemZ, 48518, sikor, Matt.WAgame"
[2021-02-23 21.39.54] ••• Connection closed: 0, 1
[2021-02-23 21.39.54] ••• Connection closed: 1, 2
[2021-02-23 21.39.54] ••• Connection closed: 2, 3
[2021-02-23 21.39.54] ••• Connection closed: 3, -1
[2021-02-23 21.39.54] ••• Connection closed: 4, -1
[2021-02-23 21.39.54] ••• Connection closed: 5, -1
[2021-02-23 21.39.54] ••• Session ended
