[2021-03-09 20.23.55] ••• SalemZ is hosting a game on DirectIP named "SalemZ"
[2021-03-09 20.23.56] ••• Incoming connection on slot 0
[2021-03-09 20.23.56] ••• Incoming connection on slot 1
[2021-03-09 20.23.56] ••• Player joined: kamil
[2021-03-09 20.23.56] ••• Validated connection: 0, 1, kamil
[2021-03-09 20.23.56] ••• Player joined: sikor
[2021-03-09 20.23.56] ••• Validated connection: 1, 2, sikor
[2021-03-09 20.23.58] ••• Connection closed: 1, 2
[2021-03-09 20.23.58] ••• Player parted or was kicked: sikor
[2021-03-09 20.24.14] ••• Incoming connection on slot 1
[2021-03-09 20.24.14] ••• Player joined: sikor
[2021-03-09 20.24.14] ••• Validated connection: 1, 2, sikor
[2021-03-09 20.24.21] [sikor] hej
[2021-03-09 20.24.29] • Game will take advantage of the latest 3.7.2.1 features and bug fixes
[2021-03-09 20.24.31] ••• Starting game, recorded as file "User\Games\2021-03-09 20.24.31 [Online] @SalemZ, kamil, sikor.WAgame"
[2021-03-09 20.37.08] ••• Starting game, recorded as file "User\Games\2021-03-09 20.37.08 [Online Round 2] @SalemZ, kamil, sikor.WAgame"
[2021-03-09 20.56.11] ••• Player parted or was kicked: kamil
[2021-03-09 20.56.13] ••• Connection closed: 0, -1
[2021-03-09 20.56.13] ••• Connection closed: 1, 2
[2021-03-09 20.56.13] ••• Connection closed: 2, -1
[2021-03-09 20.56.13] ••• Connection closed: 3, -1
[2021-03-09 20.56.13] ••• Connection closed: 4, -1
[2021-03-09 20.56.13] ••• Connection closed: 5, -1
