[2021-03-19 23.16.42] ••• SalemZ is hosting a game on DirectIP named "SalemZ"
[2021-03-19 23.16.42] ••• Incoming connection on slot 0
[2021-03-19 23.16.42] ••• Incoming connection on slot 1
[2021-03-19 23.16.42] ••• Player joined: kitol
[2021-03-19 23.16.42] ••• Validated connection: 0, 1, kitol
[2021-03-19 23.16.42] ••• Player joined: sikor
[2021-03-19 23.16.42] ••• Validated connection: 1, 2, sikor
[2021-03-19 23.16.42] ••• Incoming connection on slot 2
[2021-03-19 23.16.43] ••• Player joined: kamil
[2021-03-19 23.16.43] ••• Validated connection: 2, 3, kamil
[2021-03-19 23.16.44] ••• Connection closed: 0, 1
[2021-03-19 23.16.44] ••• Player parted or was kicked: kitol
[2021-03-19 23.17.11] ••• Connection closed: 1, 2
[2021-03-19 23.17.11] ••• Player parted or was kicked: sikor
[2021-03-19 23.17.52] ••• Incoming connection on slot 0
[2021-03-19 23.17.52] ••• Player joined: sikor
[2021-03-19 23.17.52] ••• Validated connection: 0, 1, sikor
[2021-03-19 23.18.18] • Game will take advantage of the latest 3.7.2.1 features and bug fixes
[2021-03-19 23.18.20] ••• Starting game, recorded as file "User\Games\2021-03-19 23.18.20 [Online] @SalemZ, sikor, kamil.WAgame"
[2021-03-19 23.39.22] ••• Player parted or was kicked: kamil
[2021-03-19 23.39.33] ••• Connection closed: 0, 1
[2021-03-19 23.39.33] ••• Connection closed: 1, -1
[2021-03-19 23.39.33] ••• Connection closed: 2, -1
[2021-03-19 23.39.33] ••• Connection closed: 3, -1
[2021-03-19 23.39.33] ••• Connection closed: 4, -1
[2021-03-19 23.39.33] ••• Connection closed: 5, -1
[2021-03-19 23.39.33] ••• Session ended
