[2021-03-01 22.14.33] ••• SalemZ is hosting a game on DirectIP named "SalemZ"
[2021-03-01 22.14.34] ••• Incoming connection on slot 0
[2021-03-01 22.14.34] ••• Player joined: sikor
[2021-03-01 22.14.34] ••• Validated connection: 0, 1, sikor
[2021-03-01 22.14.35] ••• Incoming connection on slot 1
[2021-03-01 22.14.35] ••• Player joined: Matt
[2021-03-01 22.14.35] ••• Validated connection: 1, 2, Matt
[2021-03-01 22.14.45] [Matt] PURPULE
[2021-03-01 22.14.47] [sikor] purpul
[2021-03-01 22.14.50] [sikor] purple
[2021-03-01 22.14.51] [Matt] you are very good player
[2021-03-01 22.14.55] [sikor] pyrpyr
[2021-03-01 22.15.01] [Matt] pur pur
[2021-03-01 22.15.05] [sikor] pur pur
[2021-03-01 22.15.28] • Game will take advantage of the latest 3.7.2.1 features and bug fixes
[2021-03-01 22.15.31] ••• Starting game, recorded as file "User\Games\2021-03-01 22.15.31 [Online] @SalemZ, sikor, Matt.WAgame"
[2021-03-01 22.33.42] ••• Starting game, recorded as file "User\Games\2021-03-01 22.33.42 [Online Round 2] @SalemZ, sikor, Matt.WAgame"
[2021-03-01 22.46.29] ••• Player parted or was kicked: Matt
[2021-03-01 22.46.37] ••• Connection closed: 0, 1
[2021-03-01 22.46.37] ••• Connection closed: 1, -1
[2021-03-01 22.46.37] ••• Connection closed: 2, -1
[2021-03-01 22.46.37] ••• Connection closed: 3, -1
[2021-03-01 22.46.37] ••• Connection closed: 4, -1
[2021-03-01 22.46.37] ••• Connection closed: 5, -1
[2021-03-01 22.46.37] ••• Session ended
