[2021-03-02 21.52.12] ••• SalemZ is hosting a game on DirectIP named "SalemZ"
[2021-03-02 21.52.12] ••• Incoming connection on slot 0
[2021-03-02 21.52.13] ••• Player joined: FBR
[2021-03-02 21.52.13] ••• Validated connection: 0, 1, FBR
[2021-03-02 21.52.13] ••• Incoming connection on slot 1
[2021-03-02 21.52.13] ••• Player joined: sikor
[2021-03-02 21.52.13] ••• Validated connection: 1, 2, sikor
[2021-03-02 21.52.14] ••• Incoming connection on slot 2
[2021-03-02 21.52.15] ••• Player joined: Matt
[2021-03-02 21.52.15] ••• Validated connection: 2, 3, Matt
[2021-03-02 21.52.17] ••• Incoming connection on slot 3
[2021-03-02 21.52.17] ••• Player joined: F3N1X
[2021-03-02 21.52.17] ••• Validated connection: 3, 4, F3N1X
[2021-03-02 21.53.11] [SalemZ] rdy
[2021-03-02 21.53.16] • Game will take advantage of the latest 3.7.2.1 features and bug fixes
[2021-03-02 21.53.19] ••• Starting game, recorded as file "User\Games\2021-03-02 21.53.19 [Online] @SalemZ, FBR, sikor, Matt, F3N1X.WAgame"
[2021-03-02 22.05.03] ••• Connection closed: 0, 1
[2021-03-02 22.05.04] ••• Connection closed: 0, 1
[2021-03-02 22.10.43] ••• Player parted or was kicked: FBR
[2021-03-02 22.10.55] ••• Player parted or was kicked: Matt
[2021-03-02 22.11.09] ••• Connection closed: 0, -1
[2021-03-02 22.11.09] ••• Connection closed: 1, 2
[2021-03-02 22.11.09] ••• Connection closed: 2, -1
[2021-03-02 22.11.09] ••• Connection closed: 3, 4
[2021-03-02 22.11.09] ••• Connection closed: 4, -1
[2021-03-02 22.11.09] ••• Connection closed: 5, -1
