[2021-03-04 22.36.12] ••• SalemZ is hosting a game on DirectIP named "SalemZ"
[2021-03-04 22.36.12] ••• Incoming connection on slot 0
[2021-03-04 22.36.12] ••• Player joined: sikor
[2021-03-04 22.36.12] ••• Validated connection: 0, 1, sikor
[2021-03-04 22.36.12] ••• Incoming connection on slot 1
[2021-03-04 22.36.13] ••• Player joined: kamil
[2021-03-04 22.36.13] ••• Validated connection: 1, 2, kamil
[2021-03-04 22.36.16] ••• Incoming connection on slot 2
[2021-03-04 22.36.16] ••• Player joined: F3N1X
[2021-03-04 22.36.16] ••• Validated connection: 2, 3, F3N1X
[2021-03-04 22.36.37] ••• Connection closed: 1, 2
[2021-03-04 22.36.37] ••• Player parted or was kicked: kamil
[2021-03-04 22.36.46] ••• Incoming connection on slot 1
[2021-03-04 22.36.46] ••• Player joined: kamil
[2021-03-04 22.36.46] ••• Validated connection: 1, 2, kamil
[2021-03-04 22.37.16] • Game will take advantage of the latest 3.7.2.1 features and bug fixes
[2021-03-04 22.37.20] ••• Starting game, recorded as file "User\Games\2021-03-04 22.37.20 [Online] @SalemZ, sikor, kamil, F3N1X.WAgame"
[2021-03-04 23.01.39] ••• Starting game, recorded as file "User\Games\2021-03-04 23.01.39 [Online Round 2] @SalemZ, sikor, kamil, F3N1X.WAgame"
[2021-03-04 23.23.38] ••• Player parted or was kicked: kamil
[2021-03-04 23.23.42] ••• Player parted or was kicked: sikor
[2021-03-04 23.23.43] ••• Connection closed: 0, -1
[2021-03-04 23.23.43] ••• Connection closed: 1, -1
[2021-03-04 23.23.43] ••• Connection closed: 2, 3
[2021-03-04 23.23.43] ••• Connection closed: 3, -1
[2021-03-04 23.23.43] ••• Connection closed: 4, -1
[2021-03-04 23.23.43] ••• Connection closed: 5, -1
